2024-04-18 20:50:10.006 [main] INFO  skf.core.SEEAbstractFederateAmbassador - SEEAbstractFederateAmbassador Costruttore
2024-04-18 20:50:10.040 [main] INFO  skf.config.ConfigurationFactory - Importing the SFK configuration file
2024-04-18 20:50:10.191 [main] INFO  skf.core.SEEHLAModule - Connecting to HLA/RTI.
2024-04-18 20:50:10.258 [main] INFO  skf.core.SEERTIAmbassador - Vendor HLA/RTI: name:pRTI 1516, rtiVersion: v5.5.9, hlaVersion: HLA IEEE 1516-2010
2024-04-18 20:50:11.022 [main] INFO  skf.core.SEEHLAModule - Loading FOMs modules.
2024-04-18 20:50:11.034 [main] INFO  skf.core.SEEHLAModule - Join the federate ' Habitation ' into the Federation execution ' SEE 2024 '.
2024-04-18 20:50:11.778 [main] INFO  skf.core.SEEHLAModule - Asynchronous delivery enabled.
2024-04-18 20:50:11.778 [main] INFO  skf.core.SEEHLAModule - Subscribed to the Subject
2024-04-18 20:50:11.858 [prti1516e: LRC[0x024d09c1] Federate service] INFO  skf.core.SEEAbstractFederateAmbassador - Synchronization point announced: INITIALIZATION_COMPLETED
2024-04-18 20:50:11.889 [main] INFO  skf.core.SEEHLAModule - The ObjectClass 'class skf.model.object.executionConfiguration.ExecutionConfiguration' has been subscribed.
2024-04-18 20:50:11.897 [prti1516e: LRC[0x024d09c1] Federate service] INFO  skf.core.SEEAbstractFederateAmbassador - ObjectInstanceHandle: instance<2117>, ObjectClassHandle: objectClass<9>, Name: ExCO, FederateHandle: null
2024-04-18 20:50:12.040 [main] INFO  skf.core.SEEHLAModule - The Interaction ' ModeTransitionRequest [execution_mode=null] ' has been published.
2024-04-18 20:50:12.047 [main] INFO  skf.core.SEEHLAModule - The Object ' model.Habitation@7ff2b8d2 ' has been published.
2024-04-18 20:50:12.047 [main] INFO  skf.core.SEEHLAModule - Subscribing the ' AitkenBasinLocalFixed ' ReferenceFrame
2024-04-18 20:50:12.056 [main] INFO  skf.core.SEEHLAModule - Set up time management.
2024-04-18 20:50:12.056 [main] INFO  skf.core.SEEHLAModule - Time constrained enabled.
2024-04-18 20:50:12.067 [prti1516e: LRC[0x024d09c1] Federate service] INFO  skf.core.SEEAbstractFederateAmbassador - ObjectInstanceHandle: instance<3127>, ObjectClassHandle: objectClass<8>, Name: MarsCentricFixed, FederateHandle: null
2024-04-18 20:50:12.076 [prti1516e: LRC[0x024d09c1] Federate service] INFO  skf.core.SEEAbstractFederateAmbassador - ObjectInstanceHandle: instance<3123>, ObjectClassHandle: objectClass<8>, Name: MoonCentricInertial, FederateHandle: null
2024-04-18 20:50:12.077 [prti1516e: LRC[0x024d09c1] Federate service] INFO  skf.core.SEEAbstractFederateAmbassador - ObjectInstanceHandle: instance<3118>, ObjectClassHandle: objectClass<8>, Name: SunCentricInertial, FederateHandle: null
2024-04-18 20:50:12.077 [prti1516e: LRC[0x024d09c1] Federate service] INFO  skf.core.SEEAbstractFederateAmbassador - ObjectInstanceHandle: instance<3125>, ObjectClassHandle: objectClass<8>, Name: EarthMoonL2Rotating, FederateHandle: null
2024-04-18 20:50:12.077 [prti1516e: LRC[0x024d09c1] Federate service] INFO  skf.core.SEEAbstractFederateAmbassador - ObjectInstanceHandle: instance<3120>, ObjectClassHandle: objectClass<8>, Name: EarthMoonBarycentricRotating, FederateHandle: null
2024-04-18 20:50:12.077 [prti1516e: LRC[0x024d09c1] Federate service] INFO  skf.core.SEEAbstractFederateAmbassador - ObjectInstanceHandle: instance<3122>, ObjectClassHandle: objectClass<8>, Name: EarthCentricFixed, FederateHandle: null
2024-04-18 20:50:12.077 [prti1516e: LRC[0x024d09c1] Federate service] INFO  skf.core.SEEAbstractFederateAmbassador - ObjectInstanceHandle: instance<3129>, ObjectClassHandle: objectClass<8>, Name: SeeLunarSouthPoleBaseLocalFixed, FederateHandle: null
2024-04-18 20:50:12.077 [prti1516e: LRC[0x024d09c1] Federate service] ERROR skf.core.SEEAbstractFederateAmbassador - Can't find the FrameType: SeeLunarSouthPoleBaseLocalFixed
2024-04-18 20:50:12.077 [prti1516e: LRC[0x024d09c1] Federate service] INFO  skf.core.SEEAbstractFederateAmbassador - ObjectInstanceHandle: instance<3121>, ObjectClassHandle: objectClass<8>, Name: EarthCentricInertial, FederateHandle: null
2024-04-18 20:50:12.077 [prti1516e: LRC[0x024d09c1] Federate service] INFO  skf.core.SEEAbstractFederateAmbassador - ObjectInstanceHandle: instance<3128>, ObjectClassHandle: objectClass<8>, Name: AitkenBasinLocalFixed, FederateHandle: null
2024-04-18 20:50:12.077 [prti1516e: LRC[0x024d09c1] Federate service] INFO  skf.core.SEEAbstractFederateAmbassador - ObjectInstanceHandle: instance<3124>, ObjectClassHandle: objectClass<8>, Name: MoonCentricFixed, FederateHandle: null
2024-04-18 20:50:12.078 [prti1516e: LRC[0x024d09c1] Federate service] INFO  skf.core.SEEAbstractFederateAmbassador - ObjectInstanceHandle: instance<3119>, ObjectClassHandle: objectClass<8>, Name: EarthMoonBarycentricInertial, FederateHandle: null
2024-04-18 20:50:12.078 [prti1516e: LRC[0x024d09c1] Federate service] INFO  skf.core.SEEAbstractFederateAmbassador - ObjectInstanceHandle: instance<3117>, ObjectClassHandle: objectClass<8>, Name: SolarSystemBarycentricInertial, FederateHandle: null
2024-04-18 20:50:12.078 [prti1516e: LRC[0x024d09c1] Federate service] INFO  skf.core.SEEAbstractFederateAmbassador - ObjectInstanceHandle: instance<3126>, ObjectClassHandle: objectClass<8>, Name: MarsCentricInertial, FederateHandle: null
2024-04-18 20:50:14.153 [Thread-1] INFO  skf.core.SEEHLAModule - The Object 'model.Habitation@7ff2b8d2' has been updated on the HLA/RTI platform.
2024-04-18 20:50:14.911 [Thread-1] INFO  skf.core.SEEHLAModule - The Object 'model.Habitation@7ff2b8d2' has been updated on the HLA/RTI platform.
2024-04-18 20:50:15.910 [Thread-1] INFO  skf.core.SEEHLAModule - The Object 'model.Habitation@7ff2b8d2' has been updated on the HLA/RTI platform.
2024-04-18 20:50:16.909 [Thread-1] INFO  skf.core.SEEHLAModule - The Object 'model.Habitation@7ff2b8d2' has been updated on the HLA/RTI platform.
2024-04-18 20:50:17.909 [Thread-1] INFO  skf.core.SEEHLAModule - The Object 'model.Habitation@7ff2b8d2' has been updated on the HLA/RTI platform.
2024-04-18 20:50:18.909 [Thread-1] INFO  skf.core.SEEHLAModule - The Object 'model.Habitation@7ff2b8d2' has been updated on the HLA/RTI platform.
2024-04-18 20:50:19.903 [Thread-1] INFO  skf.core.SEEHLAModule - The Object 'model.Habitation@7ff2b8d2' has been updated on the HLA/RTI platform.
2024-04-18 20:50:20.912 [Thread-1] INFO  skf.core.SEEHLAModule - The Object 'model.Habitation@7ff2b8d2' has been updated on the HLA/RTI platform.
2024-04-18 20:50:21.911 [Thread-1] INFO  skf.core.SEEHLAModule - The Object 'model.Habitation@7ff2b8d2' has been updated on the HLA/RTI platform.
2024-04-18 20:50:22.911 [Thread-1] INFO  skf.core.SEEHLAModule - The Object 'model.Habitation@7ff2b8d2' has been updated on the HLA/RTI platform.
2024-04-18 20:50:23.915 [Thread-1] INFO  skf.core.SEEHLAModule - The Object 'model.Habitation@7ff2b8d2' has been updated on the HLA/RTI platform.
2024-04-18 20:50:24.908 [Thread-1] INFO  skf.core.SEEHLAModule - The Object 'model.Habitation@7ff2b8d2' has been updated on the HLA/RTI platform.
2024-04-18 20:50:25.909 [Thread-1] INFO  skf.core.SEEHLAModule - The Object 'model.Habitation@7ff2b8d2' has been updated on the HLA/RTI platform.
2024-04-18 20:50:26.908 [Thread-1] INFO  skf.core.SEEHLAModule - The Object 'model.Habitation@7ff2b8d2' has been updated on the HLA/RTI platform.
2024-04-18 20:50:27.907 [Thread-1] INFO  skf.core.SEEHLAModule - The Object 'model.Habitation@7ff2b8d2' has been updated on the HLA/RTI platform.
2024-04-18 20:50:28.905 [Thread-1] INFO  skf.core.SEEHLAModule - The Object 'model.Habitation@7ff2b8d2' has been updated on the HLA/RTI platform.
2024-04-18 20:50:29.904 [Thread-1] INFO  skf.core.SEEHLAModule - The Object 'model.Habitation@7ff2b8d2' has been updated on the HLA/RTI platform.
2024-04-18 20:50:30.919 [Thread-1] INFO  skf.core.SEEHLAModule - The Object 'model.Habitation@7ff2b8d2' has been updated on the HLA/RTI platform.
2024-04-18 20:50:31.913 [Thread-1] INFO  skf.core.SEEHLAModule - The Object 'model.Habitation@7ff2b8d2' has been updated on the HLA/RTI platform.
2024-04-18 20:50:32.911 [Thread-1] INFO  skf.core.SEEHLAModule - The Object 'model.Habitation@7ff2b8d2' has been updated on the HLA/RTI platform.
2024-04-18 20:50:33.910 [Thread-1] INFO  skf.core.SEEHLAModule - The Object 'model.Habitation@7ff2b8d2' has been updated on the HLA/RTI platform.
2024-04-18 20:50:34.910 [Thread-1] INFO  skf.core.SEEHLAModule - The Object 'model.Habitation@7ff2b8d2' has been updated on the HLA/RTI platform.
2024-04-18 20:50:35.908 [Thread-1] INFO  skf.core.SEEHLAModule - The Object 'model.Habitation@7ff2b8d2' has been updated on the HLA/RTI platform.
2024-04-18 20:50:36.915 [Thread-1] INFO  skf.core.SEEHLAModule - The Object 'model.Habitation@7ff2b8d2' has been updated on the HLA/RTI platform.
2024-04-18 20:50:37.911 [Thread-1] INFO  skf.core.SEEHLAModule - The Object 'model.Habitation@7ff2b8d2' has been updated on the HLA/RTI platform.
2024-04-18 20:50:38.904 [Thread-1] INFO  skf.core.SEEHLAModule - The Object 'model.Habitation@7ff2b8d2' has been updated on the HLA/RTI platform.
2024-04-18 20:50:39.900 [Thread-1] INFO  skf.core.SEEHLAModule - The Object 'model.Habitation@7ff2b8d2' has been updated on the HLA/RTI platform.
2024-04-18 20:50:40.902 [Thread-1] INFO  skf.core.SEEHLAModule - The Object 'model.Habitation@7ff2b8d2' has been updated on the HLA/RTI platform.
2024-04-18 20:50:41.914 [Thread-1] INFO  skf.core.SEEHLAModule - The Object 'model.Habitation@7ff2b8d2' has been updated on the HLA/RTI platform.
2024-04-18 20:50:42.911 [Thread-1] INFO  skf.core.SEEHLAModule - The Object 'model.Habitation@7ff2b8d2' has been updated on the HLA/RTI platform.
2024-04-18 20:50:43.910 [Thread-1] INFO  skf.core.SEEHLAModule - The Object 'model.Habitation@7ff2b8d2' has been updated on the HLA/RTI platform.
2024-04-18 20:50:44.906 [Thread-1] INFO  skf.core.SEEHLAModule - The Object 'model.Habitation@7ff2b8d2' has been updated on the HLA/RTI platform.
2024-04-18 20:50:45.915 [Thread-1] INFO  skf.core.SEEHLAModule - The Object 'model.Habitation@7ff2b8d2' has been updated on the HLA/RTI platform.
2024-04-18 20:50:46.910 [Thread-1] INFO  skf.core.SEEHLAModule - The Object 'model.Habitation@7ff2b8d2' has been updated on the HLA/RTI platform.
2024-04-18 20:50:47.912 [Thread-1] INFO  skf.core.SEEHLAModule - The Object 'model.Habitation@7ff2b8d2' has been updated on the HLA/RTI platform.
2024-04-18 20:50:48.912 [Thread-1] INFO  skf.core.SEEHLAModule - The Object 'model.Habitation@7ff2b8d2' has been updated on the HLA/RTI platform.
2024-04-18 20:50:49.922 [Thread-1] INFO  skf.core.SEEHLAModule - The Object 'model.Habitation@7ff2b8d2' has been updated on the HLA/RTI platform.
2024-04-18 20:50:50.920 [Thread-1] INFO  skf.core.SEEHLAModule - The Object 'model.Habitation@7ff2b8d2' has been updated on the HLA/RTI platform.
2024-04-18 20:50:51.931 [Thread-1] INFO  skf.core.SEEHLAModule - The Object 'model.Habitation@7ff2b8d2' has been updated on the HLA/RTI platform.
2024-04-18 20:50:52.913 [Thread-1] INFO  skf.core.SEEHLAModule - The Object 'model.Habitation@7ff2b8d2' has been updated on the HLA/RTI platform.
2024-04-18 20:50:53.908 [Thread-1] INFO  skf.core.SEEHLAModule - The Object 'model.Habitation@7ff2b8d2' has been updated on the HLA/RTI platform.
2024-04-18 20:50:54.911 [Thread-1] INFO  skf.core.SEEHLAModule - The Object 'model.Habitation@7ff2b8d2' has been updated on the HLA/RTI platform.
2024-04-18 20:50:55.912 [Thread-1] INFO  skf.core.SEEHLAModule - The Object 'model.Habitation@7ff2b8d2' has been updated on the HLA/RTI platform.
2024-04-18 20:50:56.902 [Thread-1] INFO  skf.core.SEEHLAModule - The Object 'model.Habitation@7ff2b8d2' has been updated on the HLA/RTI platform.
2024-04-18 20:50:57.911 [Thread-1] INFO  skf.core.SEEHLAModule - The Object 'model.Habitation@7ff2b8d2' has been updated on the HLA/RTI platform.
2024-04-18 20:50:58.906 [Thread-1] INFO  skf.core.SEEHLAModule - The Object 'model.Habitation@7ff2b8d2' has been updated on the HLA/RTI platform.
2024-04-18 20:50:59.911 [Thread-1] INFO  skf.core.SEEHLAModule - The Object 'model.Habitation@7ff2b8d2' has been updated on the HLA/RTI platform.
2024-04-18 20:51:00.911 [Thread-1] INFO  skf.core.SEEHLAModule - The Object 'model.Habitation@7ff2b8d2' has been updated on the HLA/RTI platform.
2024-04-18 20:51:01.908 [Thread-1] INFO  skf.core.SEEHLAModule - The Object 'model.Habitation@7ff2b8d2' has been updated on the HLA/RTI platform.
2024-04-18 20:51:02.902 [Thread-1] INFO  skf.core.SEEHLAModule - The Object 'model.Habitation@7ff2b8d2' has been updated on the HLA/RTI platform.
2024-04-18 20:51:03.915 [Thread-1] INFO  skf.core.SEEHLAModule - The Object 'model.Habitation@7ff2b8d2' has been updated on the HLA/RTI platform.
2024-04-18 20:51:04.912 [Thread-1] INFO  skf.core.SEEHLAModule - The Object 'model.Habitation@7ff2b8d2' has been updated on the HLA/RTI platform.
2024-04-18 20:51:05.908 [Thread-1] INFO  skf.core.SEEHLAModule - The Object 'model.Habitation@7ff2b8d2' has been updated on the HLA/RTI platform.
2024-04-18 20:51:06.905 [Thread-1] INFO  skf.core.SEEHLAModule - The Object 'model.Habitation@7ff2b8d2' has been updated on the HLA/RTI platform.
2024-04-18 20:51:07.903 [Thread-1] INFO  skf.core.SEEHLAModule - The Object 'model.Habitation@7ff2b8d2' has been updated on the HLA/RTI platform.
2024-04-18 20:51:08.899 [Thread-1] INFO  skf.core.SEEHLAModule - The Object 'model.Habitation@7ff2b8d2' has been updated on the HLA/RTI platform.
2024-04-18 20:51:09.901 [Thread-1] INFO  skf.core.SEEHLAModule - The Object 'model.Habitation@7ff2b8d2' has been updated on the HLA/RTI platform.
2024-04-18 20:51:10.901 [Thread-1] INFO  skf.core.SEEHLAModule - The Object 'model.Habitation@7ff2b8d2' has been updated on the HLA/RTI platform.
2024-04-18 20:51:11.899 [Thread-1] INFO  skf.core.SEEHLAModule - The Object 'model.Habitation@7ff2b8d2' has been updated on the HLA/RTI platform.
2024-04-18 20:51:12.901 [Thread-1] INFO  skf.core.SEEHLAModule - The Object 'model.Habitation@7ff2b8d2' has been updated on the HLA/RTI platform.
2024-04-18 20:51:13.916 [Thread-1] INFO  skf.core.SEEHLAModule - The Object 'model.Habitation@7ff2b8d2' has been updated on the HLA/RTI platform.
2024-04-18 20:51:14.912 [Thread-1] INFO  skf.core.SEEHLAModule - The Object 'model.Habitation@7ff2b8d2' has been updated on the HLA/RTI platform.
2024-04-18 20:51:15.911 [Thread-1] INFO  skf.core.SEEHLAModule - The Object 'model.Habitation@7ff2b8d2' has been updated on the HLA/RTI platform.
2024-04-18 20:51:16.901 [Thread-1] INFO  skf.core.SEEHLAModule - The Object 'model.Habitation@7ff2b8d2' has been updated on the HLA/RTI platform.
2024-04-18 20:51:17.928 [Thread-1] INFO  skf.core.SEEHLAModule - The Object 'model.Habitation@7ff2b8d2' has been updated on the HLA/RTI platform.
2024-04-18 20:51:18.910 [Thread-1] INFO  skf.core.SEEHLAModule - The Object 'model.Habitation@7ff2b8d2' has been updated on the HLA/RTI platform.
2024-04-18 20:51:19.906 [Thread-1] INFO  skf.core.SEEHLAModule - The Object 'model.Habitation@7ff2b8d2' has been updated on the HLA/RTI platform.
2024-04-18 20:51:20.904 [Thread-1] INFO  skf.core.SEEHLAModule - The Object 'model.Habitation@7ff2b8d2' has been updated on the HLA/RTI platform.
2024-04-18 20:51:21.902 [Thread-1] INFO  skf.core.SEEHLAModule - The Object 'model.Habitation@7ff2b8d2' has been updated on the HLA/RTI platform.
2024-04-18 20:51:22.902 [Thread-1] INFO  skf.core.SEEHLAModule - The Object 'model.Habitation@7ff2b8d2' has been updated on the HLA/RTI platform.
2024-04-18 20:51:23.902 [Thread-1] INFO  skf.core.SEEHLAModule - The Object 'model.Habitation@7ff2b8d2' has been updated on the HLA/RTI platform.
2024-04-18 20:51:24.900 [Thread-1] INFO  skf.core.SEEHLAModule - The Object 'model.Habitation@7ff2b8d2' has been updated on the HLA/RTI platform.
2024-04-18 20:51:25.912 [Thread-1] INFO  skf.core.SEEHLAModule - The Object 'model.Habitation@7ff2b8d2' has been updated on the HLA/RTI platform.
2024-04-18 20:51:26.900 [Thread-1] INFO  skf.core.SEEHLAModule - The Object 'model.Habitation@7ff2b8d2' has been updated on the HLA/RTI platform.
2024-04-18 20:51:27.913 [Thread-1] INFO  skf.core.SEEHLAModule - The Object 'model.Habitation@7ff2b8d2' has been updated on the HLA/RTI platform.
2024-04-18 20:51:28.913 [Thread-1] INFO  skf.core.SEEHLAModule - The Object 'model.Habitation@7ff2b8d2' has been updated on the HLA/RTI platform.
2024-04-18 20:51:29.912 [Thread-1] INFO  skf.core.SEEHLAModule - The Object 'model.Habitation@7ff2b8d2' has been updated on the HLA/RTI platform.
2024-04-18 20:51:30.910 [Thread-1] INFO  skf.core.SEEHLAModule - The Object 'model.Habitation@7ff2b8d2' has been updated on the HLA/RTI platform.
2024-04-18 20:51:31.910 [Thread-1] INFO  skf.core.SEEHLAModule - The Object 'model.Habitation@7ff2b8d2' has been updated on the HLA/RTI platform.
2024-04-18 20:51:32.909 [Thread-1] INFO  skf.core.SEEHLAModule - The Object 'model.Habitation@7ff2b8d2' has been updated on the HLA/RTI platform.
2024-04-18 20:51:33.908 [Thread-1] INFO  skf.core.SEEHLAModule - The Object 'model.Habitation@7ff2b8d2' has been updated on the HLA/RTI platform.
2024-04-18 20:51:34.933 [Thread-1] INFO  skf.core.SEEHLAModule - The Object 'model.Habitation@7ff2b8d2' has been updated on the HLA/RTI platform.
2024-04-18 20:51:35.915 [Thread-1] INFO  skf.core.SEEHLAModule - The Object 'model.Habitation@7ff2b8d2' has been updated on the HLA/RTI platform.
2024-04-18 20:51:36.911 [Thread-1] INFO  skf.core.SEEHLAModule - The Object 'model.Habitation@7ff2b8d2' has been updated on the HLA/RTI platform.
2024-04-18 20:51:37.912 [Thread-1] INFO  skf.core.SEEHLAModule - The Object 'model.Habitation@7ff2b8d2' has been updated on the HLA/RTI platform.
2024-04-18 20:51:38.909 [Thread-1] INFO  skf.core.SEEHLAModule - The Object 'model.Habitation@7ff2b8d2' has been updated on the HLA/RTI platform.
2024-04-18 20:51:39.934 [Thread-1] INFO  skf.core.SEEHLAModule - The Object 'model.Habitation@7ff2b8d2' has been updated on the HLA/RTI platform.
2024-04-18 20:51:40.915 [Thread-1] INFO  skf.core.SEEHLAModule - The Object 'model.Habitation@7ff2b8d2' has been updated on the HLA/RTI platform.
2024-04-18 20:51:41.913 [Thread-1] INFO  skf.core.SEEHLAModule - The Object 'model.Habitation@7ff2b8d2' has been updated on the HLA/RTI platform.
2024-04-18 20:51:42.906 [Thread-1] INFO  skf.core.SEEHLAModule - The Object 'model.Habitation@7ff2b8d2' has been updated on the HLA/RTI platform.
2024-04-18 20:51:43.902 [Thread-1] INFO  skf.core.SEEHLAModule - The Object 'model.Habitation@7ff2b8d2' has been updated on the HLA/RTI platform.
2024-04-18 20:51:44.946 [Thread-1] INFO  skf.core.SEEHLAModule - The Object 'model.Habitation@7ff2b8d2' has been updated on the HLA/RTI platform.
2024-04-18 20:51:45.944 [Thread-1] INFO  skf.core.SEEHLAModule - The Object 'model.Habitation@7ff2b8d2' has been updated on the HLA/RTI platform.
2024-04-18 20:51:46.911 [Thread-1] INFO  skf.core.SEEHLAModule - The Object 'model.Habitation@7ff2b8d2' has been updated on the HLA/RTI platform.
2024-04-18 20:51:47.908 [Thread-1] INFO  skf.core.SEEHLAModule - The Object 'model.Habitation@7ff2b8d2' has been updated on the HLA/RTI platform.
2024-04-18 20:51:48.903 [Thread-1] INFO  skf.core.SEEHLAModule - The Object 'model.Habitation@7ff2b8d2' has been updated on the HLA/RTI platform.
2024-04-18 20:51:49.903 [Thread-1] INFO  skf.core.SEEHLAModule - The Object 'model.Habitation@7ff2b8d2' has been updated on the HLA/RTI platform.
2024-04-18 20:51:50.903 [Thread-1] INFO  skf.core.SEEHLAModule - The Object 'model.Habitation@7ff2b8d2' has been updated on the HLA/RTI platform.
2024-04-18 20:51:51.914 [Thread-1] INFO  skf.core.SEEHLAModule - The Object 'model.Habitation@7ff2b8d2' has been updated on the HLA/RTI platform.
2024-04-18 20:51:52.909 [Thread-1] INFO  skf.core.SEEHLAModule - The Object 'model.Habitation@7ff2b8d2' has been updated on the HLA/RTI platform.
2024-04-18 20:51:53.912 [Thread-1] INFO  skf.core.SEEHLAModule - The Object 'model.Habitation@7ff2b8d2' has been updated on the HLA/RTI platform.
2024-04-18 20:51:54.909 [Thread-1] INFO  skf.core.SEEHLAModule - The Object 'model.Habitation@7ff2b8d2' has been updated on the HLA/RTI platform.
2024-04-18 20:51:56.241 [Thread-1] INFO  skf.core.SEEHLAModule - The Object 'model.Habitation@7ff2b8d2' has been updated on the HLA/RTI platform.
2024-04-18 20:51:56.914 [Thread-1] INFO  skf.core.SEEHLAModule - The Object 'model.Habitation@7ff2b8d2' has been updated on the HLA/RTI platform.
2024-04-18 20:51:57.913 [Thread-1] INFO  skf.core.SEEHLAModule - The Object 'model.Habitation@7ff2b8d2' has been updated on the HLA/RTI platform.
2024-04-18 20:51:58.910 [Thread-1] INFO  skf.core.SEEHLAModule - The Object 'model.Habitation@7ff2b8d2' has been updated on the HLA/RTI platform.
2024-04-18 20:51:59.906 [Thread-1] INFO  skf.core.SEEHLAModule - The Object 'model.Habitation@7ff2b8d2' has been updated on the HLA/RTI platform.
2024-04-18 20:52:00.908 [Thread-1] INFO  skf.core.SEEHLAModule - The Object 'model.Habitation@7ff2b8d2' has been updated on the HLA/RTI platform.
2024-04-18 20:52:01.908 [Thread-1] INFO  skf.core.SEEHLAModule - The Object 'model.Habitation@7ff2b8d2' has been updated on the HLA/RTI platform.
2024-04-18 20:52:02.903 [Thread-1] INFO  skf.core.SEEHLAModule - The Object 'model.Habitation@7ff2b8d2' has been updated on the HLA/RTI platform.
2024-04-18 20:52:03.900 [Thread-1] INFO  skf.core.SEEHLAModule - The Object 'model.Habitation@7ff2b8d2' has been updated on the HLA/RTI platform.
2024-04-18 20:52:04.912 [Thread-1] INFO  skf.core.SEEHLAModule - The Object 'model.Habitation@7ff2b8d2' has been updated on the HLA/RTI platform.
2024-04-18 20:52:05.914 [Thread-1] INFO  skf.core.SEEHLAModule - The Object 'model.Habitation@7ff2b8d2' has been updated on the HLA/RTI platform.
2024-04-18 20:52:06.912 [Thread-1] INFO  skf.core.SEEHLAModule - The Object 'model.Habitation@7ff2b8d2' has been updated on the HLA/RTI platform.
2024-04-18 20:52:07.911 [Thread-1] INFO  skf.core.SEEHLAModule - The Object 'model.Habitation@7ff2b8d2' has been updated on the HLA/RTI platform.
2024-04-18 20:52:08.910 [Thread-1] INFO  skf.core.SEEHLAModule - The Object 'model.Habitation@7ff2b8d2' has been updated on the HLA/RTI platform.
2024-04-18 20:52:09.906 [Thread-1] INFO  skf.core.SEEHLAModule - The Object 'model.Habitation@7ff2b8d2' has been updated on the HLA/RTI platform.
2024-04-18 20:52:10.903 [Thread-1] INFO  skf.core.SEEHLAModule - The Object 'model.Habitation@7ff2b8d2' has been updated on the HLA/RTI platform.
2024-04-18 20:52:11.901 [Thread-1] INFO  skf.core.SEEHLAModule - The Object 'model.Habitation@7ff2b8d2' has been updated on the HLA/RTI platform.
2024-04-18 20:52:12.930 [Thread-1] INFO  skf.core.SEEHLAModule - The Object 'model.Habitation@7ff2b8d2' has been updated on the HLA/RTI platform.
2024-04-18 20:52:13.928 [Thread-1] INFO  skf.core.SEEHLAModule - The Object 'model.Habitation@7ff2b8d2' has been updated on the HLA/RTI platform.
2024-04-18 20:52:14.927 [Thread-1] INFO  skf.core.SEEHLAModule - The Object 'model.Habitation@7ff2b8d2' has been updated on the HLA/RTI platform.
2024-04-18 20:52:15.925 [Thread-1] INFO  skf.core.SEEHLAModule - The Object 'model.Habitation@7ff2b8d2' has been updated on the HLA/RTI platform.
2024-04-18 20:52:16.909 [Thread-1] INFO  skf.core.SEEHLAModule - The Object 'model.Habitation@7ff2b8d2' has been updated on the HLA/RTI platform.
2024-04-18 20:52:17.923 [Thread-1] INFO  skf.core.SEEHLAModule - The Object 'model.Habitation@7ff2b8d2' has been updated on the HLA/RTI platform.
2024-04-18 20:52:18.910 [Thread-1] INFO  skf.core.SEEHLAModule - The Object 'model.Habitation@7ff2b8d2' has been updated on the HLA/RTI platform.
2024-04-18 20:52:19.906 [Thread-1] INFO  skf.core.SEEHLAModule - The Object 'model.Habitation@7ff2b8d2' has been updated on the HLA/RTI platform.
2024-04-18 20:52:20.912 [Thread-1] INFO  skf.core.SEEHLAModule - The Object 'model.Habitation@7ff2b8d2' has been updated on the HLA/RTI platform.
2024-04-18 20:52:21.913 [Thread-1] INFO  skf.core.SEEHLAModule - The Object 'model.Habitation@7ff2b8d2' has been updated on the HLA/RTI platform.
2024-04-18 20:52:22.899 [Thread-1] INFO  skf.core.SEEHLAModule - The Object 'model.Habitation@7ff2b8d2' has been updated on the HLA/RTI platform.
2024-04-18 20:52:23.902 [Thread-1] INFO  skf.core.SEEHLAModule - The Object 'model.Habitation@7ff2b8d2' has been updated on the HLA/RTI platform.
2024-04-18 20:52:24.904 [Thread-1] INFO  skf.core.SEEHLAModule - The Object 'model.Habitation@7ff2b8d2' has been updated on the HLA/RTI platform.
2024-04-18 20:52:25.908 [Thread-1] INFO  skf.core.SEEHLAModule - The Object 'model.Habitation@7ff2b8d2' has been updated on the HLA/RTI platform.
2024-04-18 20:52:26.921 [Thread-1] INFO  skf.core.SEEHLAModule - The Object 'model.Habitation@7ff2b8d2' has been updated on the HLA/RTI platform.
2024-04-18 20:52:27.924 [Thread-1] INFO  skf.core.SEEHLAModule - The Object 'model.Habitation@7ff2b8d2' has been updated on the HLA/RTI platform.
2024-04-18 20:52:28.905 [Thread-1] INFO  skf.core.SEEHLAModule - The Object 'model.Habitation@7ff2b8d2' has been updated on the HLA/RTI platform.
2024-04-18 20:52:29.912 [Thread-1] INFO  skf.core.SEEHLAModule - The Object 'model.Habitation@7ff2b8d2' has been updated on the HLA/RTI platform.
2024-04-18 20:52:30.898 [Thread-1] INFO  skf.core.SEEHLAModule - The Object 'model.Habitation@7ff2b8d2' has been updated on the HLA/RTI platform.
2024-04-18 20:52:31.904 [Thread-1] INFO  skf.core.SEEHLAModule - The Object 'model.Habitation@7ff2b8d2' has been updated on the HLA/RTI platform.
2024-04-18 20:52:32.909 [Thread-1] INFO  skf.core.SEEHLAModule - The Object 'model.Habitation@7ff2b8d2' has been updated on the HLA/RTI platform.
2024-04-18 20:52:33.904 [Thread-1] INFO  skf.core.SEEHLAModule - The Object 'model.Habitation@7ff2b8d2' has been updated on the HLA/RTI platform.
2024-04-18 20:52:34.905 [Thread-1] INFO  skf.core.SEEHLAModule - The Object 'model.Habitation@7ff2b8d2' has been updated on the HLA/RTI platform.
2024-04-18 20:52:35.902 [Thread-1] INFO  skf.core.SEEHLAModule - The Object 'model.Habitation@7ff2b8d2' has been updated on the HLA/RTI platform.
2024-04-18 20:52:36.900 [Thread-1] INFO  skf.core.SEEHLAModule - The Object 'model.Habitation@7ff2b8d2' has been updated on the HLA/RTI platform.
2024-04-18 20:52:37.911 [Thread-1] INFO  skf.core.SEEHLAModule - The Object 'model.Habitation@7ff2b8d2' has been updated on the HLA/RTI platform.
2024-04-18 20:52:38.902 [Thread-1] INFO  skf.core.SEEHLAModule - The Object 'model.Habitation@7ff2b8d2' has been updated on the HLA/RTI platform.
2024-04-18 20:52:39.906 [Thread-1] INFO  skf.core.SEEHLAModule - The Object 'model.Habitation@7ff2b8d2' has been updated on the HLA/RTI platform.
2024-04-18 20:52:40.903 [Thread-1] INFO  skf.core.SEEHLAModule - The Object 'model.Habitation@7ff2b8d2' has been updated on the HLA/RTI platform.
2024-04-18 20:52:41.900 [Thread-1] INFO  skf.core.SEEHLAModule - The Object 'model.Habitation@7ff2b8d2' has been updated on the HLA/RTI platform.
2024-04-18 20:52:42.909 [Thread-1] INFO  skf.core.SEEHLAModule - The Object 'model.Habitation@7ff2b8d2' has been updated on the HLA/RTI platform.
2024-04-18 20:52:43.909 [Thread-1] INFO  skf.core.SEEHLAModule - The Object 'model.Habitation@7ff2b8d2' has been updated on the HLA/RTI platform.
2024-04-18 20:52:44.910 [Thread-1] INFO  skf.core.SEEHLAModule - The Object 'model.Habitation@7ff2b8d2' has been updated on the HLA/RTI platform.
2024-04-18 20:52:45.907 [Thread-1] INFO  skf.core.SEEHLAModule - The Object 'model.Habitation@7ff2b8d2' has been updated on the HLA/RTI platform.
2024-04-18 20:52:46.903 [Thread-1] INFO  skf.core.SEEHLAModule - The Object 'model.Habitation@7ff2b8d2' has been updated on the HLA/RTI platform.
2024-04-18 20:52:47.914 [Thread-1] INFO  skf.core.SEEHLAModule - The Object 'model.Habitation@7ff2b8d2' has been updated on the HLA/RTI platform.
2024-04-18 20:52:48.912 [Thread-1] INFO  skf.core.SEEHLAModule - The Object 'model.Habitation@7ff2b8d2' has been updated on the HLA/RTI platform.
2024-04-18 20:52:49.909 [Thread-1] INFO  skf.core.SEEHLAModule - The Object 'model.Habitation@7ff2b8d2' has been updated on the HLA/RTI platform.
2024-04-18 20:52:50.910 [Thread-1] INFO  skf.core.SEEHLAModule - The Object 'model.Habitation@7ff2b8d2' has been updated on the HLA/RTI platform.
2024-04-18 20:52:51.908 [Thread-1] INFO  skf.core.SEEHLAModule - The Object 'model.Habitation@7ff2b8d2' has been updated on the HLA/RTI platform.
2024-04-18 20:52:52.904 [Thread-1] INFO  skf.core.SEEHLAModule - The Object 'model.Habitation@7ff2b8d2' has been updated on the HLA/RTI platform.
2024-04-18 20:52:53.902 [Thread-1] INFO  skf.core.SEEHLAModule - The Object 'model.Habitation@7ff2b8d2' has been updated on the HLA/RTI platform.
2024-04-18 20:52:54.901 [Thread-1] INFO  skf.core.SEEHLAModule - The Object 'model.Habitation@7ff2b8d2' has been updated on the HLA/RTI platform.
2024-04-18 20:52:55.910 [Thread-1] INFO  skf.core.SEEHLAModule - The Object 'model.Habitation@7ff2b8d2' has been updated on the HLA/RTI platform.
2024-04-18 20:52:56.907 [Thread-1] INFO  skf.core.SEEHLAModule - The Object 'model.Habitation@7ff2b8d2' has been updated on the HLA/RTI platform.
2024-04-18 20:52:57.904 [Thread-1] INFO  skf.core.SEEHLAModule - The Object 'model.Habitation@7ff2b8d2' has been updated on the HLA/RTI platform.
2024-04-18 20:52:58.901 [Thread-1] INFO  skf.core.SEEHLAModule - The Object 'model.Habitation@7ff2b8d2' has been updated on the HLA/RTI platform.
2024-04-18 20:52:59.910 [Thread-1] INFO  skf.core.SEEHLAModule - The Object 'model.Habitation@7ff2b8d2' has been updated on the HLA/RTI platform.
2024-04-18 20:53:00.915 [Thread-1] INFO  skf.core.SEEHLAModule - The Object 'model.Habitation@7ff2b8d2' has been updated on the HLA/RTI platform.
2024-04-18 20:53:01.910 [Thread-1] INFO  skf.core.SEEHLAModule - The Object 'model.Habitation@7ff2b8d2' has been updated on the HLA/RTI platform.
2024-04-18 20:53:02.908 [Thread-1] INFO  skf.core.SEEHLAModule - The Object 'model.Habitation@7ff2b8d2' has been updated on the HLA/RTI platform.
2024-04-18 20:53:03.907 [Thread-1] INFO  skf.core.SEEHLAModule - The Object 'model.Habitation@7ff2b8d2' has been updated on the HLA/RTI platform.
2024-04-18 20:53:04.900 [Thread-1] INFO  skf.core.SEEHLAModule - The Object 'model.Habitation@7ff2b8d2' has been updated on the HLA/RTI platform.
2024-04-18 20:53:05.899 [Thread-1] INFO  skf.core.SEEHLAModule - The Object 'model.Habitation@7ff2b8d2' has been updated on the HLA/RTI platform.
2024-04-18 20:53:06.898 [Thread-1] INFO  skf.core.SEEHLAModule - The Object 'model.Habitation@7ff2b8d2' has been updated on the HLA/RTI platform.
2024-04-18 20:53:07.912 [Thread-1] INFO  skf.core.SEEHLAModule - The Object 'model.Habitation@7ff2b8d2' has been updated on the HLA/RTI platform.
2024-04-18 20:53:08.911 [Thread-1] INFO  skf.core.SEEHLAModule - The Object 'model.Habitation@7ff2b8d2' has been updated on the HLA/RTI platform.
2024-04-18 20:53:09.908 [Thread-1] INFO  skf.core.SEEHLAModule - The Object 'model.Habitation@7ff2b8d2' has been updated on the HLA/RTI platform.
2024-04-18 20:53:10.907 [Thread-1] INFO  skf.core.SEEHLAModule - The Object 'model.Habitation@7ff2b8d2' has been updated on the HLA/RTI platform.
2024-04-18 20:53:11.908 [Thread-1] INFO  skf.core.SEEHLAModule - The Object 'model.Habitation@7ff2b8d2' has been updated on the HLA/RTI platform.
2024-04-18 20:53:12.907 [Thread-1] INFO  skf.core.SEEHLAModule - The Object 'model.Habitation@7ff2b8d2' has been updated on the HLA/RTI platform.
2024-04-18 20:53:13.907 [Thread-1] INFO  skf.core.SEEHLAModule - The Object 'model.Habitation@7ff2b8d2' has been updated on the HLA/RTI platform.
2024-04-18 20:53:14.921 [Thread-1] INFO  skf.core.SEEHLAModule - The Object 'model.Habitation@7ff2b8d2' has been updated on the HLA/RTI platform.
2024-04-18 20:53:15.904 [Thread-1] INFO  skf.core.SEEHLAModule - The Object 'model.Habitation@7ff2b8d2' has been updated on the HLA/RTI platform.
2024-04-18 20:53:16.901 [Thread-1] INFO  skf.core.SEEHLAModule - The Object 'model.Habitation@7ff2b8d2' has been updated on the HLA/RTI platform.
2024-04-18 20:53:17.900 [Thread-1] INFO  skf.core.SEEHLAModule - The Object 'model.Habitation@7ff2b8d2' has been updated on the HLA/RTI platform.
2024-04-18 20:53:18.897 [Thread-1] INFO  skf.core.SEEHLAModule - The Object 'model.Habitation@7ff2b8d2' has been updated on the HLA/RTI platform.
2024-04-18 20:53:19.910 [Thread-1] INFO  skf.core.SEEHLAModule - The Object 'model.Habitation@7ff2b8d2' has been updated on the HLA/RTI platform.
2024-04-18 20:53:20.908 [Thread-1] INFO  skf.core.SEEHLAModule - The Object 'model.Habitation@7ff2b8d2' has been updated on the HLA/RTI platform.
2024-04-18 20:53:21.906 [Thread-1] INFO  skf.core.SEEHLAModule - The Object 'model.Habitation@7ff2b8d2' has been updated on the HLA/RTI platform.
2024-04-18 20:53:22.902 [Thread-1] INFO  skf.core.SEEHLAModule - The Object 'model.Habitation@7ff2b8d2' has been updated on the HLA/RTI platform.
2024-04-18 20:53:23.912 [Thread-1] INFO  skf.core.SEEHLAModule - The Object 'model.Habitation@7ff2b8d2' has been updated on the HLA/RTI platform.
2024-04-18 20:53:24.911 [Thread-1] INFO  skf.core.SEEHLAModule - The Object 'model.Habitation@7ff2b8d2' has been updated on the HLA/RTI platform.
2024-04-18 20:53:25.906 [Thread-1] INFO  skf.core.SEEHLAModule - The Object 'model.Habitation@7ff2b8d2' has been updated on the HLA/RTI platform.
2024-04-18 21:10:44.446 [main] INFO  skf.core.SEEAbstractFederateAmbassador - SEEAbstractFederateAmbassador Costruttore
2024-04-18 21:10:44.457 [main] INFO  skf.config.ConfigurationFactory - Importing the SFK configuration file
2024-04-18 21:10:44.593 [main] INFO  skf.core.SEEHLAModule - Connecting to HLA/RTI.
2024-04-18 21:10:44.640 [main] INFO  skf.core.SEERTIAmbassador - Vendor HLA/RTI: name:pRTI 1516, rtiVersion: v5.5.9, hlaVersion: HLA IEEE 1516-2010
2024-04-18 21:10:45.348 [main] INFO  skf.core.SEEHLAModule - Loading FOMs modules.
2024-04-18 21:10:45.350 [main] INFO  skf.core.SEEHLAModule - Join the federate ' Habitation ' into the Federation execution ' SEE 2024 '.
2024-04-18 21:10:46.118 [main] INFO  skf.core.SEEHLAModule - Asynchronous delivery enabled.
2024-04-18 21:10:46.118 [main] INFO  skf.core.SEEHLAModule - Subscribed to the Subject
2024-04-18 21:10:46.243 [prti1516e: LRC[0x5f6722d3] Federate service] INFO  skf.core.SEEAbstractFederateAmbassador - Synchronization point announced: INITIALIZATION_COMPLETED
2024-04-18 21:10:46.276 [main] INFO  skf.core.SEEHLAModule - The ObjectClass 'class skf.model.object.executionConfiguration.ExecutionConfiguration' has been subscribed.
2024-04-18 21:10:46.284 [prti1516e: LRC[0x5f6722d3] Federate service] INFO  skf.core.SEEAbstractFederateAmbassador - ObjectInstanceHandle: instance<2117>, ObjectClassHandle: objectClass<9>, Name: ExCO, FederateHandle: null
2024-04-18 21:10:46.429 [main] INFO  skf.core.SEEHLAModule - The Interaction ' ModeTransitionRequest [execution_mode=null] ' has been published.
2024-04-18 21:10:46.433 [main] INFO  skf.core.SEEHLAModule - The Object ' model.Habitation@6f8d7714 ' has been published.
2024-04-18 21:10:46.433 [main] INFO  skf.core.SEEHLAModule - Subscribing the ' AitkenBasinLocalFixed ' ReferenceFrame
2024-04-18 21:10:46.442 [main] INFO  skf.core.SEEHLAModule - Set up time management.
2024-04-18 21:10:46.442 [main] INFO  skf.core.SEEHLAModule - Time constrained enabled.
2024-04-18 21:10:46.455 [prti1516e: LRC[0x5f6722d3] Federate service] INFO  skf.core.SEEAbstractFederateAmbassador - ObjectInstanceHandle: instance<3127>, ObjectClassHandle: objectClass<8>, Name: MarsCentricFixed, FederateHandle: null
2024-04-18 21:10:46.465 [prti1516e: LRC[0x5f6722d3] Federate service] INFO  skf.core.SEEAbstractFederateAmbassador - ObjectInstanceHandle: instance<3123>, ObjectClassHandle: objectClass<8>, Name: MoonCentricInertial, FederateHandle: null
2024-04-18 21:10:46.465 [prti1516e: LRC[0x5f6722d3] Federate service] INFO  skf.core.SEEAbstractFederateAmbassador - ObjectInstanceHandle: instance<3118>, ObjectClassHandle: objectClass<8>, Name: SunCentricInertial, FederateHandle: null
2024-04-18 21:10:46.466 [prti1516e: LRC[0x5f6722d3] Federate service] INFO  skf.core.SEEAbstractFederateAmbassador - ObjectInstanceHandle: instance<3125>, ObjectClassHandle: objectClass<8>, Name: EarthMoonL2Rotating, FederateHandle: null
2024-04-18 21:10:46.466 [prti1516e: LRC[0x5f6722d3] Federate service] INFO  skf.core.SEEAbstractFederateAmbassador - ObjectInstanceHandle: instance<3120>, ObjectClassHandle: objectClass<8>, Name: EarthMoonBarycentricRotating, FederateHandle: null
2024-04-18 21:10:46.466 [prti1516e: LRC[0x5f6722d3] Federate service] INFO  skf.core.SEEAbstractFederateAmbassador - ObjectInstanceHandle: instance<3122>, ObjectClassHandle: objectClass<8>, Name: EarthCentricFixed, FederateHandle: null
2024-04-18 21:10:46.466 [prti1516e: LRC[0x5f6722d3] Federate service] INFO  skf.core.SEEAbstractFederateAmbassador - ObjectInstanceHandle: instance<3129>, ObjectClassHandle: objectClass<8>, Name: SeeLunarSouthPoleBaseLocalFixed, FederateHandle: null
2024-04-18 21:10:46.466 [prti1516e: LRC[0x5f6722d3] Federate service] ERROR skf.core.SEEAbstractFederateAmbassador - Can't find the FrameType: SeeLunarSouthPoleBaseLocalFixed
2024-04-18 21:10:46.466 [prti1516e: LRC[0x5f6722d3] Federate service] INFO  skf.core.SEEAbstractFederateAmbassador - ObjectInstanceHandle: instance<3121>, ObjectClassHandle: objectClass<8>, Name: EarthCentricInertial, FederateHandle: null
2024-04-18 21:10:46.466 [prti1516e: LRC[0x5f6722d3] Federate service] INFO  skf.core.SEEAbstractFederateAmbassador - ObjectInstanceHandle: instance<3128>, ObjectClassHandle: objectClass<8>, Name: AitkenBasinLocalFixed, FederateHandle: null
2024-04-18 21:10:46.467 [prti1516e: LRC[0x5f6722d3] Federate service] INFO  skf.core.SEEAbstractFederateAmbassador - ObjectInstanceHandle: instance<3124>, ObjectClassHandle: objectClass<8>, Name: MoonCentricFixed, FederateHandle: null
2024-04-18 21:10:46.467 [prti1516e: LRC[0x5f6722d3] Federate service] INFO  skf.core.SEEAbstractFederateAmbassador - ObjectInstanceHandle: instance<3119>, ObjectClassHandle: objectClass<8>, Name: EarthMoonBarycentricInertial, FederateHandle: null
2024-04-18 21:10:46.467 [prti1516e: LRC[0x5f6722d3] Federate service] INFO  skf.core.SEEAbstractFederateAmbassador - ObjectInstanceHandle: instance<3117>, ObjectClassHandle: objectClass<8>, Name: SolarSystemBarycentricInertial, FederateHandle: null
2024-04-18 21:10:46.467 [prti1516e: LRC[0x5f6722d3] Federate service] INFO  skf.core.SEEAbstractFederateAmbassador - ObjectInstanceHandle: instance<3126>, ObjectClassHandle: objectClass<8>, Name: MarsCentricInertial, FederateHandle: null
2024-04-18 21:10:47.247 [Thread-1] INFO  skf.core.SEEHLAModule - The Object 'model.Habitation@6f8d7714' has been updated on the HLA/RTI platform.
2024-04-18 21:10:47.903 [Thread-1] INFO  skf.core.SEEHLAModule - The Object 'model.Habitation@6f8d7714' has been updated on the HLA/RTI platform.
2024-04-18 21:10:48.902 [Thread-1] INFO  skf.core.SEEHLAModule - The Object 'model.Habitation@6f8d7714' has been updated on the HLA/RTI platform.
2024-04-18 21:10:49.892 [Thread-1] INFO  skf.core.SEEHLAModule - The Object 'model.Habitation@6f8d7714' has been updated on the HLA/RTI platform.
2024-04-18 21:10:50.905 [Thread-1] INFO  skf.core.SEEHLAModule - The Object 'model.Habitation@6f8d7714' has been updated on the HLA/RTI platform.
2024-04-18 21:10:51.925 [Thread-1] INFO  skf.core.SEEHLAModule - The Object 'model.Habitation@6f8d7714' has been updated on the HLA/RTI platform.
2024-04-18 21:10:52.905 [Thread-1] INFO  skf.core.SEEHLAModule - The Object 'model.Habitation@6f8d7714' has been updated on the HLA/RTI platform.
2024-04-18 21:10:53.907 [Thread-1] INFO  skf.core.SEEHLAModule - The Object 'model.Habitation@6f8d7714' has been updated on the HLA/RTI platform.
2024-04-18 21:10:54.906 [Thread-1] INFO  skf.core.SEEHLAModule - The Object 'model.Habitation@6f8d7714' has been updated on the HLA/RTI platform.
2024-04-18 21:10:55.900 [Thread-1] INFO  skf.core.SEEHLAModule - The Object 'model.Habitation@6f8d7714' has been updated on the HLA/RTI platform.
2024-04-18 21:10:56.899 [Thread-1] INFO  skf.core.SEEHLAModule - The Object 'model.Habitation@6f8d7714' has been updated on the HLA/RTI platform.
2024-04-18 21:10:57.908 [Thread-1] INFO  skf.core.SEEHLAModule - The Object 'model.Habitation@6f8d7714' has been updated on the HLA/RTI platform.
2024-04-18 21:10:58.906 [Thread-1] INFO  skf.core.SEEHLAModule - The Object 'model.Habitation@6f8d7714' has been updated on the HLA/RTI platform.
2024-04-18 21:10:59.897 [Thread-1] INFO  skf.core.SEEHLAModule - The Object 'model.Habitation@6f8d7714' has been updated on the HLA/RTI platform.
2024-04-18 21:11:00.901 [Thread-1] INFO  skf.core.SEEHLAModule - The Object 'model.Habitation@6f8d7714' has been updated on the HLA/RTI platform.
2024-04-18 21:11:01.909 [Thread-1] INFO  skf.core.SEEHLAModule - The Object 'model.Habitation@6f8d7714' has been updated on the HLA/RTI platform.
2024-04-18 21:11:02.902 [Thread-1] INFO  skf.core.SEEHLAModule - The Object 'model.Habitation@6f8d7714' has been updated on the HLA/RTI platform.
2024-04-18 21:11:03.897 [Thread-1] INFO  skf.core.SEEHLAModule - The Object 'model.Habitation@6f8d7714' has been updated on the HLA/RTI platform.
2024-04-18 21:11:04.902 [Thread-1] INFO  skf.core.SEEHLAModule - The Object 'model.Habitation@6f8d7714' has been updated on the HLA/RTI platform.
2024-04-18 21:11:05.903 [Thread-1] INFO  skf.core.SEEHLAModule - The Object 'model.Habitation@6f8d7714' has been updated on the HLA/RTI platform.
2024-04-18 21:11:06.900 [Thread-1] INFO  skf.core.SEEHLAModule - The Object 'model.Habitation@6f8d7714' has been updated on the HLA/RTI platform.
2024-04-18 21:11:07.900 [Thread-1] INFO  skf.core.SEEHLAModule - The Object 'model.Habitation@6f8d7714' has been updated on the HLA/RTI platform.
2024-04-18 21:11:08.899 [Thread-1] INFO  skf.core.SEEHLAModule - The Object 'model.Habitation@6f8d7714' has been updated on the HLA/RTI platform.
2024-04-18 21:11:09.901 [Thread-1] INFO  skf.core.SEEHLAModule - The Object 'model.Habitation@6f8d7714' has been updated on the HLA/RTI platform.
2024-04-18 21:11:10.897 [Thread-1] INFO  skf.core.SEEHLAModule - The Object 'model.Habitation@6f8d7714' has been updated on the HLA/RTI platform.
2024-04-18 21:11:11.905 [Thread-1] INFO  skf.core.SEEHLAModule - The Object 'model.Habitation@6f8d7714' has been updated on the HLA/RTI platform.
2024-04-18 21:11:12.900 [Thread-1] INFO  skf.core.SEEHLAModule - The Object 'model.Habitation@6f8d7714' has been updated on the HLA/RTI platform.
2024-04-18 21:11:13.907 [Thread-1] INFO  skf.core.SEEHLAModule - The Object 'model.Habitation@6f8d7714' has been updated on the HLA/RTI platform.
2024-04-18 21:11:14.904 [Thread-1] INFO  skf.core.SEEHLAModule - The Object 'model.Habitation@6f8d7714' has been updated on the HLA/RTI platform.
2024-04-18 21:11:15.906 [Thread-1] INFO  skf.core.SEEHLAModule - The Object 'model.Habitation@6f8d7714' has been updated on the HLA/RTI platform.
2024-04-18 21:11:16.903 [Thread-1] INFO  skf.core.SEEHLAModule - The Object 'model.Habitation@6f8d7714' has been updated on the HLA/RTI platform.
2024-04-18 21:11:17.916 [Thread-1] INFO  skf.core.SEEHLAModule - The Object 'model.Habitation@6f8d7714' has been updated on the HLA/RTI platform.
2024-04-18 21:11:18.913 [Thread-1] INFO  skf.core.SEEHLAModule - The Object 'model.Habitation@6f8d7714' has been updated on the HLA/RTI platform.
2024-04-18 21:11:19.936 [Thread-1] INFO  skf.core.SEEHLAModule - The Object 'model.Habitation@6f8d7714' has been updated on the HLA/RTI platform.
2024-04-18 21:11:20.900 [Thread-1] INFO  skf.core.SEEHLAModule - The Object 'model.Habitation@6f8d7714' has been updated on the HLA/RTI platform.
2024-04-18 21:11:21.925 [Thread-1] INFO  skf.core.SEEHLAModule - The Object 'model.Habitation@6f8d7714' has been updated on the HLA/RTI platform.
2024-04-18 21:11:22.909 [Thread-1] INFO  skf.core.SEEHLAModule - The Object 'model.Habitation@6f8d7714' has been updated on the HLA/RTI platform.
2024-04-18 21:11:23.911 [Thread-1] INFO  skf.core.SEEHLAModule - The Object 'model.Habitation@6f8d7714' has been updated on the HLA/RTI platform.
2024-04-18 21:11:24.894 [Thread-1] INFO  skf.core.SEEHLAModule - The Object 'model.Habitation@6f8d7714' has been updated on the HLA/RTI platform.
2024-04-18 21:11:25.907 [Thread-1] INFO  skf.core.SEEHLAModule - The Object 'model.Habitation@6f8d7714' has been updated on the HLA/RTI platform.
2024-04-18 21:11:26.905 [Thread-1] INFO  skf.core.SEEHLAModule - The Object 'model.Habitation@6f8d7714' has been updated on the HLA/RTI platform.
2024-04-18 21:11:27.903 [Thread-1] INFO  skf.core.SEEHLAModule - The Object 'model.Habitation@6f8d7714' has been updated on the HLA/RTI platform.
2024-04-18 21:11:28.899 [Thread-1] INFO  skf.core.SEEHLAModule - The Object 'model.Habitation@6f8d7714' has been updated on the HLA/RTI platform.
2024-04-18 21:11:29.898 [Thread-1] INFO  skf.core.SEEHLAModule - The Object 'model.Habitation@6f8d7714' has been updated on the HLA/RTI platform.
2024-04-18 21:11:30.897 [Thread-1] INFO  skf.core.SEEHLAModule - The Object 'model.Habitation@6f8d7714' has been updated on the HLA/RTI platform.
2024-04-18 21:11:31.911 [Thread-1] INFO  skf.core.SEEHLAModule - The Object 'model.Habitation@6f8d7714' has been updated on the HLA/RTI platform.
2024-04-18 21:11:32.907 [Thread-1] INFO  skf.core.SEEHLAModule - The Object 'model.Habitation@6f8d7714' has been updated on the HLA/RTI platform.
2024-04-18 21:11:33.906 [Thread-1] INFO  skf.core.SEEHLAModule - The Object 'model.Habitation@6f8d7714' has been updated on the HLA/RTI platform.
2024-04-18 21:11:34.903 [Thread-1] INFO  skf.core.SEEHLAModule - The Object 'model.Habitation@6f8d7714' has been updated on the HLA/RTI platform.
2024-04-18 21:11:35.902 [Thread-1] INFO  skf.core.SEEHLAModule - The Object 'model.Habitation@6f8d7714' has been updated on the HLA/RTI platform.
2024-04-18 21:11:36.895 [Thread-1] INFO  skf.core.SEEHLAModule - The Object 'model.Habitation@6f8d7714' has been updated on the HLA/RTI platform.
2024-04-18 21:11:37.909 [Thread-1] INFO  skf.core.SEEHLAModule - The Object 'model.Habitation@6f8d7714' has been updated on the HLA/RTI platform.
2024-04-18 21:11:38.907 [Thread-1] INFO  skf.core.SEEHLAModule - The Object 'model.Habitation@6f8d7714' has been updated on the HLA/RTI platform.
2024-04-18 21:11:39.907 [Thread-1] INFO  skf.core.SEEHLAModule - The Object 'model.Habitation@6f8d7714' has been updated on the HLA/RTI platform.
2024-04-18 21:11:40.903 [Thread-1] INFO  skf.core.SEEHLAModule - The Object 'model.Habitation@6f8d7714' has been updated on the HLA/RTI platform.
2024-04-18 21:11:41.899 [Thread-1] INFO  skf.core.SEEHLAModule - The Object 'model.Habitation@6f8d7714' has been updated on the HLA/RTI platform.
2024-04-18 21:11:42.897 [Thread-1] INFO  skf.core.SEEHLAModule - The Object 'model.Habitation@6f8d7714' has been updated on the HLA/RTI platform.
2024-04-18 21:11:43.895 [Thread-1] INFO  skf.core.SEEHLAModule - The Object 'model.Habitation@6f8d7714' has been updated on the HLA/RTI platform.
2024-04-18 21:11:44.911 [Thread-1] INFO  skf.core.SEEHLAModule - The Object 'model.Habitation@6f8d7714' has been updated on the HLA/RTI platform.
2024-04-18 21:11:45.893 [Thread-1] INFO  skf.core.SEEHLAModule - The Object 'model.Habitation@6f8d7714' has been updated on the HLA/RTI platform.
2024-04-18 21:11:46.905 [Thread-1] INFO  skf.core.SEEHLAModule - The Object 'model.Habitation@6f8d7714' has been updated on the HLA/RTI platform.
2024-04-18 21:11:47.905 [Thread-1] INFO  skf.core.SEEHLAModule - The Object 'model.Habitation@6f8d7714' has been updated on the HLA/RTI platform.
2024-04-18 21:11:48.899 [Thread-1] INFO  skf.core.SEEHLAModule - The Object 'model.Habitation@6f8d7714' has been updated on the HLA/RTI platform.
2024-04-18 21:11:49.902 [Thread-1] INFO  skf.core.SEEHLAModule - The Object 'model.Habitation@6f8d7714' has been updated on the HLA/RTI platform.
2024-04-18 21:11:50.896 [Thread-1] INFO  skf.core.SEEHLAModule - The Object 'model.Habitation@6f8d7714' has been updated on the HLA/RTI platform.
2024-04-18 21:11:51.895 [Thread-1] INFO  skf.core.SEEHLAModule - The Object 'model.Habitation@6f8d7714' has been updated on the HLA/RTI platform.
2024-04-18 21:11:52.893 [Thread-1] INFO  skf.core.SEEHLAModule - The Object 'model.Habitation@6f8d7714' has been updated on the HLA/RTI platform.
2024-04-18 21:11:53.921 [Thread-1] INFO  skf.core.SEEHLAModule - The Object 'model.Habitation@6f8d7714' has been updated on the HLA/RTI platform.
2024-04-18 21:11:54.900 [Thread-1] INFO  skf.core.SEEHLAModule - The Object 'model.Habitation@6f8d7714' has been updated on the HLA/RTI platform.
2024-04-18 21:11:55.911 [Thread-1] INFO  skf.core.SEEHLAModule - The Object 'model.Habitation@6f8d7714' has been updated on the HLA/RTI platform.
2024-04-18 21:11:56.906 [Thread-1] INFO  skf.core.SEEHLAModule - The Object 'model.Habitation@6f8d7714' has been updated on the HLA/RTI platform.
2024-04-18 21:11:57.892 [Thread-1] INFO  skf.core.SEEHLAModule - The Object 'model.Habitation@6f8d7714' has been updated on the HLA/RTI platform.
2024-04-18 21:11:58.902 [Thread-1] INFO  skf.core.SEEHLAModule - The Object 'model.Habitation@6f8d7714' has been updated on the HLA/RTI platform.
2024-04-18 21:11:59.900 [Thread-1] INFO  skf.core.SEEHLAModule - The Object 'model.Habitation@6f8d7714' has been updated on the HLA/RTI platform.
2024-04-18 21:12:00.916 [Thread-1] INFO  skf.core.SEEHLAModule - The Object 'model.Habitation@6f8d7714' has been updated on the HLA/RTI platform.
2024-04-18 21:12:01.901 [Thread-1] INFO  skf.core.SEEHLAModule - The Object 'model.Habitation@6f8d7714' has been updated on the HLA/RTI platform.
2024-04-18 21:12:02.899 [Thread-1] INFO  skf.core.SEEHLAModule - The Object 'model.Habitation@6f8d7714' has been updated on the HLA/RTI platform.
2024-04-18 21:12:03.895 [Thread-1] INFO  skf.core.SEEHLAModule - The Object 'model.Habitation@6f8d7714' has been updated on the HLA/RTI platform.
2024-04-18 21:12:04.908 [Thread-1] INFO  skf.core.SEEHLAModule - The Object 'model.Habitation@6f8d7714' has been updated on the HLA/RTI platform.
2024-04-18 21:12:05.902 [Thread-1] INFO  skf.core.SEEHLAModule - The Object 'model.Habitation@6f8d7714' has been updated on the HLA/RTI platform.
2024-04-18 21:12:06.902 [Thread-1] INFO  skf.core.SEEHLAModule - The Object 'model.Habitation@6f8d7714' has been updated on the HLA/RTI platform.
2024-04-18 21:12:07.900 [Thread-1] INFO  skf.core.SEEHLAModule - The Object 'model.Habitation@6f8d7714' has been updated on the HLA/RTI platform.
2024-04-18 21:12:08.898 [Thread-1] INFO  skf.core.SEEHLAModule - The Object 'model.Habitation@6f8d7714' has been updated on the HLA/RTI platform.
2024-04-18 21:12:09.895 [Thread-1] INFO  skf.core.SEEHLAModule - The Object 'model.Habitation@6f8d7714' has been updated on the HLA/RTI platform.
2024-04-18 21:12:10.909 [Thread-1] INFO  skf.core.SEEHLAModule - The Object 'model.Habitation@6f8d7714' has been updated on the HLA/RTI platform.
2024-04-18 21:12:11.895 [Thread-1] INFO  skf.core.SEEHLAModule - The Object 'model.Habitation@6f8d7714' has been updated on the HLA/RTI platform.
2024-04-18 21:12:12.903 [Thread-1] INFO  skf.core.SEEHLAModule - The Object 'model.Habitation@6f8d7714' has been updated on the HLA/RTI platform.
2024-04-18 21:12:13.899 [Thread-1] INFO  skf.core.SEEHLAModule - The Object 'model.Habitation@6f8d7714' has been updated on the HLA/RTI platform.
2024-04-18 21:12:14.897 [Thread-1] INFO  skf.core.SEEHLAModule - The Object 'model.Habitation@6f8d7714' has been updated on the HLA/RTI platform.
2024-04-18 21:12:15.894 [Thread-1] INFO  skf.core.SEEHLAModule - The Object 'model.Habitation@6f8d7714' has been updated on the HLA/RTI platform.
2024-04-18 21:12:16.908 [Thread-1] INFO  skf.core.SEEHLAModule - The Object 'model.Habitation@6f8d7714' has been updated on the HLA/RTI platform.
2024-04-18 21:12:17.920 [Thread-1] INFO  skf.core.SEEHLAModule - The Object 'model.Habitation@6f8d7714' has been updated on the HLA/RTI platform.
2024-04-18 21:12:18.902 [Thread-1] INFO  skf.core.SEEHLAModule - The Object 'model.Habitation@6f8d7714' has been updated on the HLA/RTI platform.
2024-04-18 21:12:19.895 [Thread-1] INFO  skf.core.SEEHLAModule - The Object 'model.Habitation@6f8d7714' has been updated on the HLA/RTI platform.
2024-04-18 21:12:20.907 [Thread-1] INFO  skf.core.SEEHLAModule - The Object 'model.Habitation@6f8d7714' has been updated on the HLA/RTI platform.
2024-04-18 21:12:21.905 [Thread-1] INFO  skf.core.SEEHLAModule - The Object 'model.Habitation@6f8d7714' has been updated on the HLA/RTI platform.
2024-04-18 21:12:22.905 [Thread-1] INFO  skf.core.SEEHLAModule - The Object 'model.Habitation@6f8d7714' has been updated on the HLA/RTI platform.
2024-04-18 21:12:23.904 [Thread-1] INFO  skf.core.SEEHLAModule - The Object 'model.Habitation@6f8d7714' has been updated on the HLA/RTI platform.
2024-04-18 21:12:24.902 [Thread-1] INFO  skf.core.SEEHLAModule - The Object 'model.Habitation@6f8d7714' has been updated on the HLA/RTI platform.
2024-04-18 21:12:25.904 [Thread-1] INFO  skf.core.SEEHLAModule - The Object 'model.Habitation@6f8d7714' has been updated on the HLA/RTI platform.
2024-04-18 21:12:26.900 [Thread-1] INFO  skf.core.SEEHLAModule - The Object 'model.Habitation@6f8d7714' has been updated on the HLA/RTI platform.
2024-04-18 21:12:27.896 [Thread-1] INFO  skf.core.SEEHLAModule - The Object 'model.Habitation@6f8d7714' has been updated on the HLA/RTI platform.
2024-04-18 21:12:28.892 [Thread-1] INFO  skf.core.SEEHLAModule - The Object 'model.Habitation@6f8d7714' has been updated on the HLA/RTI platform.
2024-04-18 21:12:29.905 [Thread-1] INFO  skf.core.SEEHLAModule - The Object 'model.Habitation@6f8d7714' has been updated on the HLA/RTI platform.
2024-04-18 21:12:30.906 [Thread-1] INFO  skf.core.SEEHLAModule - The Object 'model.Habitation@6f8d7714' has been updated on the HLA/RTI platform.
2024-04-18 21:12:31.907 [Thread-1] INFO  skf.core.SEEHLAModule - The Object 'model.Habitation@6f8d7714' has been updated on the HLA/RTI platform.
2024-04-18 21:12:32.908 [Thread-1] INFO  skf.core.SEEHLAModule - The Object 'model.Habitation@6f8d7714' has been updated on the HLA/RTI platform.
2024-04-18 21:12:33.899 [Thread-1] INFO  skf.core.SEEHLAModule - The Object 'model.Habitation@6f8d7714' has been updated on the HLA/RTI platform.
2024-04-18 21:12:34.905 [Thread-1] INFO  skf.core.SEEHLAModule - The Object 'model.Habitation@6f8d7714' has been updated on the HLA/RTI platform.
2024-04-18 21:12:35.904 [Thread-1] INFO  skf.core.SEEHLAModule - The Object 'model.Habitation@6f8d7714' has been updated on the HLA/RTI platform.
2024-04-18 21:12:36.903 [Thread-1] INFO  skf.core.SEEHLAModule - The Object 'model.Habitation@6f8d7714' has been updated on the HLA/RTI platform.
2024-04-18 21:12:37.899 [Thread-1] INFO  skf.core.SEEHLAModule - The Object 'model.Habitation@6f8d7714' has been updated on the HLA/RTI platform.
2024-04-18 21:12:38.897 [Thread-1] INFO  skf.core.SEEHLAModule - The Object 'model.Habitation@6f8d7714' has been updated on the HLA/RTI platform.
2024-04-18 21:12:39.896 [Thread-1] INFO  skf.core.SEEHLAModule - The Object 'model.Habitation@6f8d7714' has been updated on the HLA/RTI platform.
2024-04-18 21:12:40.896 [Thread-1] INFO  skf.core.SEEHLAModule - The Object 'model.Habitation@6f8d7714' has been updated on the HLA/RTI platform.
2024-04-18 21:12:41.897 [Thread-1] INFO  skf.core.SEEHLAModule - The Object 'model.Habitation@6f8d7714' has been updated on the HLA/RTI platform.
2024-04-18 21:12:42.908 [Thread-1] INFO  skf.core.SEEHLAModule - The Object 'model.Habitation@6f8d7714' has been updated on the HLA/RTI platform.
2024-04-18 21:12:43.905 [Thread-1] INFO  skf.core.SEEHLAModule - The Object 'model.Habitation@6f8d7714' has been updated on the HLA/RTI platform.
2024-04-18 21:12:44.899 [Thread-1] INFO  skf.core.SEEHLAModule - The Object 'model.Habitation@6f8d7714' has been updated on the HLA/RTI platform.
2024-04-18 21:12:45.897 [Thread-1] INFO  skf.core.SEEHLAModule - The Object 'model.Habitation@6f8d7714' has been updated on the HLA/RTI platform.
2024-04-18 21:12:46.904 [Thread-1] INFO  skf.core.SEEHLAModule - The Object 'model.Habitation@6f8d7714' has been updated on the HLA/RTI platform.
2024-04-18 21:12:47.902 [Thread-1] INFO  skf.core.SEEHLAModule - The Object 'model.Habitation@6f8d7714' has been updated on the HLA/RTI platform.
2024-04-18 21:12:48.914 [Thread-1] INFO  skf.core.SEEHLAModule - The Object 'model.Habitation@6f8d7714' has been updated on the HLA/RTI platform.
2024-04-18 21:12:49.896 [Thread-1] INFO  skf.core.SEEHLAModule - The Object 'model.Habitation@6f8d7714' has been updated on the HLA/RTI platform.
2024-04-18 21:12:50.907 [Thread-1] INFO  skf.core.SEEHLAModule - The Object 'model.Habitation@6f8d7714' has been updated on the HLA/RTI platform.
2024-04-18 21:12:51.908 [Thread-1] INFO  skf.core.SEEHLAModule - The Object 'model.Habitation@6f8d7714' has been updated on the HLA/RTI platform.
2024-04-18 21:12:52.903 [Thread-1] INFO  skf.core.SEEHLAModule - The Object 'model.Habitation@6f8d7714' has been updated on the HLA/RTI platform.
2024-04-18 21:12:53.905 [Thread-1] INFO  skf.core.SEEHLAModule - The Object 'model.Habitation@6f8d7714' has been updated on the HLA/RTI platform.
2024-04-18 21:12:54.900 [Thread-1] INFO  skf.core.SEEHLAModule - The Object 'model.Habitation@6f8d7714' has been updated on the HLA/RTI platform.
2024-04-18 21:12:55.897 [Thread-1] INFO  skf.core.SEEHLAModule - The Object 'model.Habitation@6f8d7714' has been updated on the HLA/RTI platform.
2024-04-18 21:12:56.899 [Thread-1] INFO  skf.core.SEEHLAModule - The Object 'model.Habitation@6f8d7714' has been updated on the HLA/RTI platform.
2024-04-18 21:12:57.907 [Thread-1] INFO  skf.core.SEEHLAModule - The Object 'model.Habitation@6f8d7714' has been updated on the HLA/RTI platform.
2024-04-18 21:12:58.905 [Thread-1] INFO  skf.core.SEEHLAModule - The Object 'model.Habitation@6f8d7714' has been updated on the HLA/RTI platform.
2024-04-18 21:12:59.897 [Thread-1] INFO  skf.core.SEEHLAModule - The Object 'model.Habitation@6f8d7714' has been updated on the HLA/RTI platform.
2024-04-18 21:13:00.895 [Thread-1] INFO  skf.core.SEEHLAModule - The Object 'model.Habitation@6f8d7714' has been updated on the HLA/RTI platform.
2024-04-18 21:13:01.906 [Thread-1] INFO  skf.core.SEEHLAModule - The Object 'model.Habitation@6f8d7714' has been updated on the HLA/RTI platform.
2024-04-18 21:13:02.907 [Thread-1] INFO  skf.core.SEEHLAModule - The Object 'model.Habitation@6f8d7714' has been updated on the HLA/RTI platform.
2024-04-18 21:13:03.908 [Thread-1] INFO  skf.core.SEEHLAModule - The Object 'model.Habitation@6f8d7714' has been updated on the HLA/RTI platform.
2024-04-18 21:13:04.906 [Thread-1] INFO  skf.core.SEEHLAModule - The Object 'model.Habitation@6f8d7714' has been updated on the HLA/RTI platform.
2024-04-18 21:13:05.910 [Thread-1] INFO  skf.core.SEEHLAModule - The Object 'model.Habitation@6f8d7714' has been updated on the HLA/RTI platform.
2024-04-18 21:13:06.904 [Thread-1] INFO  skf.core.SEEHLAModule - The Object 'model.Habitation@6f8d7714' has been updated on the HLA/RTI platform.
2024-04-18 21:13:07.904 [Thread-1] INFO  skf.core.SEEHLAModule - The Object 'model.Habitation@6f8d7714' has been updated on the HLA/RTI platform.
2024-04-18 21:13:08.899 [Thread-1] INFO  skf.core.SEEHLAModule - The Object 'model.Habitation@6f8d7714' has been updated on the HLA/RTI platform.
2024-04-18 21:13:09.896 [Thread-1] INFO  skf.core.SEEHLAModule - The Object 'model.Habitation@6f8d7714' has been updated on the HLA/RTI platform.
2024-04-18 21:13:10.904 [Thread-1] INFO  skf.core.SEEHLAModule - The Object 'model.Habitation@6f8d7714' has been updated on the HLA/RTI platform.
2024-04-18 21:13:11.904 [Thread-1] INFO  skf.core.SEEHLAModule - The Object 'model.Habitation@6f8d7714' has been updated on the HLA/RTI platform.
2024-04-18 21:13:12.899 [Thread-1] INFO  skf.core.SEEHLAModule - The Object 'model.Habitation@6f8d7714' has been updated on the HLA/RTI platform.
2024-04-18 21:13:13.902 [Thread-1] INFO  skf.core.SEEHLAModule - The Object 'model.Habitation@6f8d7714' has been updated on the HLA/RTI platform.
2024-04-18 21:13:14.896 [Thread-1] INFO  skf.core.SEEHLAModule - The Object 'model.Habitation@6f8d7714' has been updated on the HLA/RTI platform.
2024-04-18 21:13:15.908 [Thread-1] INFO  skf.core.SEEHLAModule - The Object 'model.Habitation@6f8d7714' has been updated on the HLA/RTI platform.
2024-04-18 21:13:16.907 [Thread-1] INFO  skf.core.SEEHLAModule - The Object 'model.Habitation@6f8d7714' has been updated on the HLA/RTI platform.
2024-04-18 21:13:17.905 [Thread-1] INFO  skf.core.SEEHLAModule - The Object 'model.Habitation@6f8d7714' has been updated on the HLA/RTI platform.
2024-04-18 21:13:18.907 [Thread-1] INFO  skf.core.SEEHLAModule - The Object 'model.Habitation@6f8d7714' has been updated on the HLA/RTI platform.
2024-04-18 21:13:19.905 [Thread-1] INFO  skf.core.SEEHLAModule - The Object 'model.Habitation@6f8d7714' has been updated on the HLA/RTI platform.
2024-04-18 21:13:20.905 [Thread-1] INFO  skf.core.SEEHLAModule - The Object 'model.Habitation@6f8d7714' has been updated on the HLA/RTI platform.
2024-04-18 21:13:21.901 [Thread-1] INFO  skf.core.SEEHLAModule - The Object 'model.Habitation@6f8d7714' has been updated on the HLA/RTI platform.
2024-04-18 21:13:22.901 [Thread-1] INFO  skf.core.SEEHLAModule - The Object 'model.Habitation@6f8d7714' has been updated on the HLA/RTI platform.
2024-04-18 21:13:23.894 [Thread-1] INFO  skf.core.SEEHLAModule - The Object 'model.Habitation@6f8d7714' has been updated on the HLA/RTI platform.
2024-04-18 21:13:24.895 [Thread-1] INFO  skf.core.SEEHLAModule - The Object 'model.Habitation@6f8d7714' has been updated on the HLA/RTI platform.
2024-04-18 21:13:25.956 [Thread-1] INFO  skf.core.SEEHLAModule - The Object 'model.Habitation@6f8d7714' has been updated on the HLA/RTI platform.
2024-04-18 21:13:26.905 [Thread-1] INFO  skf.core.SEEHLAModule - The Object 'model.Habitation@6f8d7714' has been updated on the HLA/RTI platform.
2024-04-18 21:13:27.902 [Thread-1] INFO  skf.core.SEEHLAModule - The Object 'model.Habitation@6f8d7714' has been updated on the HLA/RTI platform.
2024-04-18 21:13:28.901 [Thread-1] INFO  skf.core.SEEHLAModule - The Object 'model.Habitation@6f8d7714' has been updated on the HLA/RTI platform.
2024-04-18 21:13:29.898 [Thread-1] INFO  skf.core.SEEHLAModule - The Object 'model.Habitation@6f8d7714' has been updated on the HLA/RTI platform.
2024-04-18 21:13:30.909 [Thread-1] INFO  skf.core.SEEHLAModule - The Object 'model.Habitation@6f8d7714' has been updated on the HLA/RTI platform.
2024-04-18 21:13:31.895 [Thread-1] INFO  skf.core.SEEHLAModule - The Object 'model.Habitation@6f8d7714' has been updated on the HLA/RTI platform.
2024-04-18 21:13:32.910 [Thread-1] INFO  skf.core.SEEHLAModule - The Object 'model.Habitation@6f8d7714' has been updated on the HLA/RTI platform.
2024-04-18 21:13:33.897 [Thread-1] INFO  skf.core.SEEHLAModule - The Object 'model.Habitation@6f8d7714' has been updated on the HLA/RTI platform.
2024-04-18 21:13:34.908 [Thread-1] INFO  skf.core.SEEHLAModule - The Object 'model.Habitation@6f8d7714' has been updated on the HLA/RTI platform.
2024-04-18 21:13:35.908 [Thread-1] INFO  skf.core.SEEHLAModule - The Object 'model.Habitation@6f8d7714' has been updated on the HLA/RTI platform.
2024-04-18 21:13:36.896 [Thread-1] INFO  skf.core.SEEHLAModule - The Object 'model.Habitation@6f8d7714' has been updated on the HLA/RTI platform.
2024-04-18 21:13:37.894 [Thread-1] INFO  skf.core.SEEHLAModule - The Object 'model.Habitation@6f8d7714' has been updated on the HLA/RTI platform.
2024-04-18 21:13:38.908 [Thread-1] INFO  skf.core.SEEHLAModule - The Object 'model.Habitation@6f8d7714' has been updated on the HLA/RTI platform.
2024-04-18 21:13:39.906 [Thread-1] INFO  skf.core.SEEHLAModule - The Object 'model.Habitation@6f8d7714' has been updated on the HLA/RTI platform.
2024-04-18 21:13:40.907 [Thread-1] INFO  skf.core.SEEHLAModule - The Object 'model.Habitation@6f8d7714' has been updated on the HLA/RTI platform.
2024-04-18 21:13:41.909 [Thread-1] INFO  skf.core.SEEHLAModule - The Object 'model.Habitation@6f8d7714' has been updated on the HLA/RTI platform.
2024-04-18 21:13:42.905 [Thread-1] INFO  skf.core.SEEHLAModule - The Object 'model.Habitation@6f8d7714' has been updated on the HLA/RTI platform.
2024-04-18 21:13:43.903 [Thread-1] INFO  skf.core.SEEHLAModule - The Object 'model.Habitation@6f8d7714' has been updated on the HLA/RTI platform.
2024-04-18 21:13:44.905 [Thread-1] INFO  skf.core.SEEHLAModule - The Object 'model.Habitation@6f8d7714' has been updated on the HLA/RTI platform.
2024-04-18 21:13:45.903 [Thread-1] INFO  skf.core.SEEHLAModule - The Object 'model.Habitation@6f8d7714' has been updated on the HLA/RTI platform.
2024-04-18 21:13:46.902 [Thread-1] INFO  skf.core.SEEHLAModule - The Object 'model.Habitation@6f8d7714' has been updated on the HLA/RTI platform.
2024-04-18 21:13:47.905 [Thread-1] INFO  skf.core.SEEHLAModule - The Object 'model.Habitation@6f8d7714' has been updated on the HLA/RTI platform.
2024-04-18 21:13:48.906 [Thread-1] INFO  skf.core.SEEHLAModule - The Object 'model.Habitation@6f8d7714' has been updated on the HLA/RTI platform.
2024-04-18 21:13:49.907 [Thread-1] INFO  skf.core.SEEHLAModule - The Object 'model.Habitation@6f8d7714' has been updated on the HLA/RTI platform.
2024-04-18 21:13:50.892 [Thread-1] INFO  skf.core.SEEHLAModule - The Object 'model.Habitation@6f8d7714' has been updated on the HLA/RTI platform.
2024-04-18 21:13:51.907 [Thread-1] INFO  skf.core.SEEHLAModule - The Object 'model.Habitation@6f8d7714' has been updated on the HLA/RTI platform.
2024-04-18 21:13:52.903 [Thread-1] INFO  skf.core.SEEHLAModule - The Object 'model.Habitation@6f8d7714' has been updated on the HLA/RTI platform.
2024-04-18 21:13:53.896 [Thread-1] INFO  skf.core.SEEHLAModule - The Object 'model.Habitation@6f8d7714' has been updated on the HLA/RTI platform.
2024-04-18 21:13:54.907 [Thread-1] INFO  skf.core.SEEHLAModule - The Object 'model.Habitation@6f8d7714' has been updated on the HLA/RTI platform.
2024-04-18 21:13:55.901 [Thread-1] INFO  skf.core.SEEHLAModule - The Object 'model.Habitation@6f8d7714' has been updated on the HLA/RTI platform.
2024-04-18 21:13:56.914 [Thread-1] INFO  skf.core.SEEHLAModule - The Object 'model.Habitation@6f8d7714' has been updated on the HLA/RTI platform.
2024-04-18 21:13:57.892 [Thread-1] INFO  skf.core.SEEHLAModule - The Object 'model.Habitation@6f8d7714' has been updated on the HLA/RTI platform.
2024-04-18 21:13:58.907 [Thread-1] INFO  skf.core.SEEHLAModule - The Object 'model.Habitation@6f8d7714' has been updated on the HLA/RTI platform.
2024-04-18 21:13:59.905 [Thread-1] INFO  skf.core.SEEHLAModule - The Object 'model.Habitation@6f8d7714' has been updated on the HLA/RTI platform.
2024-04-18 21:14:00.906 [Thread-1] INFO  skf.core.SEEHLAModule - The Object 'model.Habitation@6f8d7714' has been updated on the HLA/RTI platform.
2024-04-18 21:14:01.902 [Thread-1] INFO  skf.core.SEEHLAModule - The Object 'model.Habitation@6f8d7714' has been updated on the HLA/RTI platform.
2024-04-18 21:14:02.901 [Thread-1] INFO  skf.core.SEEHLAModule - The Object 'model.Habitation@6f8d7714' has been updated on the HLA/RTI platform.
2024-04-18 21:14:03.897 [Thread-1] INFO  skf.core.SEEHLAModule - The Object 'model.Habitation@6f8d7714' has been updated on the HLA/RTI platform.
2024-04-18 21:14:04.895 [Thread-1] INFO  skf.core.SEEHLAModule - The Object 'model.Habitation@6f8d7714' has been updated on the HLA/RTI platform.
2024-04-18 21:14:05.891 [Thread-1] INFO  skf.core.SEEHLAModule - The Object 'model.Habitation@6f8d7714' has been updated on the HLA/RTI platform.
2024-04-18 21:14:06.906 [Thread-1] INFO  skf.core.SEEHLAModule - The Object 'model.Habitation@6f8d7714' has been updated on the HLA/RTI platform.
2024-04-18 21:14:07.905 [Thread-1] INFO  skf.core.SEEHLAModule - The Object 'model.Habitation@6f8d7714' has been updated on the HLA/RTI platform.
2024-04-18 21:14:08.905 [Thread-1] INFO  skf.core.SEEHLAModule - The Object 'model.Habitation@6f8d7714' has been updated on the HLA/RTI platform.
2024-04-18 21:14:09.904 [Thread-1] INFO  skf.core.SEEHLAModule - The Object 'model.Habitation@6f8d7714' has been updated on the HLA/RTI platform.
2024-04-18 21:14:10.904 [Thread-1] INFO  skf.core.SEEHLAModule - The Object 'model.Habitation@6f8d7714' has been updated on the HLA/RTI platform.
2024-04-18 21:14:11.903 [Thread-1] INFO  skf.core.SEEHLAModule - The Object 'model.Habitation@6f8d7714' has been updated on the HLA/RTI platform.
2024-04-18 21:14:12.898 [Thread-1] INFO  skf.core.SEEHLAModule - The Object 'model.Habitation@6f8d7714' has been updated on the HLA/RTI platform.
2024-04-18 21:14:13.893 [Thread-1] INFO  skf.core.SEEHLAModule - The Object 'model.Habitation@6f8d7714' has been updated on the HLA/RTI platform.
2024-04-18 21:14:14.893 [Thread-1] INFO  skf.core.SEEHLAModule - The Object 'model.Habitation@6f8d7714' has been updated on the HLA/RTI platform.
2024-04-18 21:14:15.905 [Thread-1] INFO  skf.core.SEEHLAModule - The Object 'model.Habitation@6f8d7714' has been updated on the HLA/RTI platform.
2024-04-18 21:14:16.905 [Thread-1] INFO  skf.core.SEEHLAModule - The Object 'model.Habitation@6f8d7714' has been updated on the HLA/RTI platform.
2024-04-18 21:14:17.900 [Thread-1] INFO  skf.core.SEEHLAModule - The Object 'model.Habitation@6f8d7714' has been updated on the HLA/RTI platform.
2024-04-18 21:14:18.903 [Thread-1] INFO  skf.core.SEEHLAModule - The Object 'model.Habitation@6f8d7714' has been updated on the HLA/RTI platform.
2024-04-18 21:14:19.902 [Thread-1] INFO  skf.core.SEEHLAModule - The Object 'model.Habitation@6f8d7714' has been updated on the HLA/RTI platform.
2024-04-18 21:14:20.904 [Thread-1] INFO  skf.core.SEEHLAModule - The Object 'model.Habitation@6f8d7714' has been updated on the HLA/RTI platform.
2024-04-18 21:14:21.899 [Thread-1] INFO  skf.core.SEEHLAModule - The Object 'model.Habitation@6f8d7714' has been updated on the HLA/RTI platform.
2024-04-18 21:14:22.910 [Thread-1] INFO  skf.core.SEEHLAModule - The Object 'model.Habitation@6f8d7714' has been updated on the HLA/RTI platform.
2024-04-18 21:14:23.905 [Thread-1] INFO  skf.core.SEEHLAModule - The Object 'model.Habitation@6f8d7714' has been updated on the HLA/RTI platform.
2024-04-18 21:14:24.903 [Thread-1] INFO  skf.core.SEEHLAModule - The Object 'model.Habitation@6f8d7714' has been updated on the HLA/RTI platform.
2024-04-18 21:14:25.903 [Thread-1] INFO  skf.core.SEEHLAModule - The Object 'model.Habitation@6f8d7714' has been updated on the HLA/RTI platform.
2024-04-18 21:14:26.906 [Thread-1] INFO  skf.core.SEEHLAModule - The Object 'model.Habitation@6f8d7714' has been updated on the HLA/RTI platform.
2024-04-18 21:14:27.901 [Thread-1] INFO  skf.core.SEEHLAModule - The Object 'model.Habitation@6f8d7714' has been updated on the HLA/RTI platform.
2024-04-18 21:14:28.897 [Thread-1] INFO  skf.core.SEEHLAModule - The Object 'model.Habitation@6f8d7714' has been updated on the HLA/RTI platform.
2024-04-18 21:14:29.895 [Thread-1] INFO  skf.core.SEEHLAModule - The Object 'model.Habitation@6f8d7714' has been updated on the HLA/RTI platform.
2024-04-18 21:14:30.911 [Thread-1] INFO  skf.core.SEEHLAModule - The Object 'model.Habitation@6f8d7714' has been updated on the HLA/RTI platform.
2024-04-18 21:14:31.898 [Thread-1] INFO  skf.core.SEEHLAModule - The Object 'model.Habitation@6f8d7714' has been updated on the HLA/RTI platform.
2024-04-18 21:14:32.894 [Thread-1] INFO  skf.core.SEEHLAModule - The Object 'model.Habitation@6f8d7714' has been updated on the HLA/RTI platform.
2024-04-18 21:14:33.907 [Thread-1] INFO  skf.core.SEEHLAModule - The Object 'model.Habitation@6f8d7714' has been updated on the HLA/RTI platform.
2024-04-18 21:14:34.906 [Thread-1] INFO  skf.core.SEEHLAModule - The Object 'model.Habitation@6f8d7714' has been updated on the HLA/RTI platform.
2024-04-18 21:14:35.901 [Thread-1] INFO  skf.core.SEEHLAModule - The Object 'model.Habitation@6f8d7714' has been updated on the HLA/RTI platform.
2024-04-18 21:14:36.902 [Thread-1] INFO  skf.core.SEEHLAModule - The Object 'model.Habitation@6f8d7714' has been updated on the HLA/RTI platform.
2024-04-18 21:14:37.905 [Thread-1] INFO  skf.core.SEEHLAModule - The Object 'model.Habitation@6f8d7714' has been updated on the HLA/RTI platform.
2024-04-18 21:14:38.908 [Thread-1] INFO  skf.core.SEEHLAModule - The Object 'model.Habitation@6f8d7714' has been updated on the HLA/RTI platform.
2024-04-18 21:14:39.904 [Thread-1] INFO  skf.core.SEEHLAModule - The Object 'model.Habitation@6f8d7714' has been updated on the HLA/RTI platform.
2024-04-18 21:14:40.902 [Thread-1] INFO  skf.core.SEEHLAModule - The Object 'model.Habitation@6f8d7714' has been updated on the HLA/RTI platform.
2024-04-18 21:14:41.902 [Thread-1] INFO  skf.core.SEEHLAModule - The Object 'model.Habitation@6f8d7714' has been updated on the HLA/RTI platform.
2024-04-18 21:14:42.906 [Thread-1] INFO  skf.core.SEEHLAModule - The Object 'model.Habitation@6f8d7714' has been updated on the HLA/RTI platform.
2024-04-18 21:14:43.905 [Thread-1] INFO  skf.core.SEEHLAModule - The Object 'model.Habitation@6f8d7714' has been updated on the HLA/RTI platform.
2024-04-18 21:14:44.904 [Thread-1] INFO  skf.core.SEEHLAModule - The Object 'model.Habitation@6f8d7714' has been updated on the HLA/RTI platform.
2024-04-18 21:14:45.903 [Thread-1] INFO  skf.core.SEEHLAModule - The Object 'model.Habitation@6f8d7714' has been updated on the HLA/RTI platform.
2024-04-18 21:14:46.905 [Thread-1] INFO  skf.core.SEEHLAModule - The Object 'model.Habitation@6f8d7714' has been updated on the HLA/RTI platform.
2024-04-18 21:14:47.905 [Thread-1] INFO  skf.core.SEEHLAModule - The Object 'model.Habitation@6f8d7714' has been updated on the HLA/RTI platform.
2024-04-18 21:14:48.902 [Thread-1] INFO  skf.core.SEEHLAModule - The Object 'model.Habitation@6f8d7714' has been updated on the HLA/RTI platform.
2024-04-18 21:14:49.902 [Thread-1] INFO  skf.core.SEEHLAModule - The Object 'model.Habitation@6f8d7714' has been updated on the HLA/RTI platform.
2024-04-18 21:14:50.897 [Thread-1] INFO  skf.core.SEEHLAModule - The Object 'model.Habitation@6f8d7714' has been updated on the HLA/RTI platform.
2024-04-18 21:14:51.898 [Thread-1] INFO  skf.core.SEEHLAModule - The Object 'model.Habitation@6f8d7714' has been updated on the HLA/RTI platform.
2024-04-18 21:14:52.898 [Thread-1] INFO  skf.core.SEEHLAModule - The Object 'model.Habitation@6f8d7714' has been updated on the HLA/RTI platform.
2024-04-18 21:14:53.904 [Thread-1] INFO  skf.core.SEEHLAModule - The Object 'model.Habitation@6f8d7714' has been updated on the HLA/RTI platform.
2024-04-18 21:14:54.903 [Thread-1] INFO  skf.core.SEEHLAModule - The Object 'model.Habitation@6f8d7714' has been updated on the HLA/RTI platform.
2024-04-18 21:14:55.899 [Thread-1] INFO  skf.core.SEEHLAModule - The Object 'model.Habitation@6f8d7714' has been updated on the HLA/RTI platform.
2024-04-18 21:14:56.894 [Thread-1] INFO  skf.core.SEEHLAModule - The Object 'model.Habitation@6f8d7714' has been updated on the HLA/RTI platform.
2024-04-18 21:14:57.906 [Thread-1] INFO  skf.core.SEEHLAModule - The Object 'model.Habitation@6f8d7714' has been updated on the HLA/RTI platform.
2024-04-18 21:14:58.909 [Thread-1] INFO  skf.core.SEEHLAModule - The Object 'model.Habitation@6f8d7714' has been updated on the HLA/RTI platform.
2024-04-18 21:14:59.906 [Thread-1] INFO  skf.core.SEEHLAModule - The Object 'model.Habitation@6f8d7714' has been updated on the HLA/RTI platform.
2024-04-18 21:15:00.904 [Thread-1] INFO  skf.core.SEEHLAModule - The Object 'model.Habitation@6f8d7714' has been updated on the HLA/RTI platform.
2024-04-18 21:15:01.901 [Thread-1] INFO  skf.core.SEEHLAModule - The Object 'model.Habitation@6f8d7714' has been updated on the HLA/RTI platform.
2024-04-18 21:15:02.900 [Thread-1] INFO  skf.core.SEEHLAModule - The Object 'model.Habitation@6f8d7714' has been updated on the HLA/RTI platform.
2024-04-18 21:15:03.898 [Thread-1] INFO  skf.core.SEEHLAModule - The Object 'model.Habitation@6f8d7714' has been updated on the HLA/RTI platform.
2024-04-18 21:15:04.897 [Thread-1] INFO  skf.core.SEEHLAModule - The Object 'model.Habitation@6f8d7714' has been updated on the HLA/RTI platform.
2024-04-18 21:15:05.907 [Thread-1] INFO  skf.core.SEEHLAModule - The Object 'model.Habitation@6f8d7714' has been updated on the HLA/RTI platform.
2024-04-18 21:15:06.905 [Thread-1] INFO  skf.core.SEEHLAModule - The Object 'model.Habitation@6f8d7714' has been updated on the HLA/RTI platform.
2024-04-18 21:15:07.903 [Thread-1] INFO  skf.core.SEEHLAModule - The Object 'model.Habitation@6f8d7714' has been updated on the HLA/RTI platform.
2024-04-18 21:15:08.899 [Thread-1] INFO  skf.core.SEEHLAModule - The Object 'model.Habitation@6f8d7714' has been updated on the HLA/RTI platform.
2024-04-18 21:15:09.895 [Thread-1] INFO  skf.core.SEEHLAModule - The Object 'model.Habitation@6f8d7714' has been updated on the HLA/RTI platform.
2024-04-18 21:15:10.903 [Thread-1] INFO  skf.core.SEEHLAModule - The Object 'model.Habitation@6f8d7714' has been updated on the HLA/RTI platform.
2024-04-18 21:15:11.906 [Thread-1] INFO  skf.core.SEEHLAModule - The Object 'model.Habitation@6f8d7714' has been updated on the HLA/RTI platform.
2024-04-18 21:15:12.902 [Thread-1] INFO  skf.core.SEEHLAModule - The Object 'model.Habitation@6f8d7714' has been updated on the HLA/RTI platform.
2024-04-18 21:15:13.903 [Thread-1] INFO  skf.core.SEEHLAModule - The Object 'model.Habitation@6f8d7714' has been updated on the HLA/RTI platform.
2024-04-18 21:15:14.902 [Thread-1] INFO  skf.core.SEEHLAModule - The Object 'model.Habitation@6f8d7714' has been updated on the HLA/RTI platform.
2024-04-18 21:15:15.900 [Thread-1] INFO  skf.core.SEEHLAModule - The Object 'model.Habitation@6f8d7714' has been updated on the HLA/RTI platform.
2024-04-18 21:15:16.895 [Thread-1] INFO  skf.core.SEEHLAModule - The Object 'model.Habitation@6f8d7714' has been updated on the HLA/RTI platform.
2024-04-18 21:15:17.897 [Thread-1] INFO  skf.core.SEEHLAModule - The Object 'model.Habitation@6f8d7714' has been updated on the HLA/RTI platform.
2024-04-18 21:15:18.894 [Thread-1] INFO  skf.core.SEEHLAModule - The Object 'model.Habitation@6f8d7714' has been updated on the HLA/RTI platform.
2024-04-18 21:15:19.902 [Thread-1] INFO  skf.core.SEEHLAModule - The Object 'model.Habitation@6f8d7714' has been updated on the HLA/RTI platform.
2024-04-18 21:15:20.902 [Thread-1] INFO  skf.core.SEEHLAModule - The Object 'model.Habitation@6f8d7714' has been updated on the HLA/RTI platform.
2024-04-18 21:15:21.899 [Thread-1] INFO  skf.core.SEEHLAModule - The Object 'model.Habitation@6f8d7714' has been updated on the HLA/RTI platform.
2024-04-18 21:15:22.900 [Thread-1] INFO  skf.core.SEEHLAModule - The Object 'model.Habitation@6f8d7714' has been updated on the HLA/RTI platform.
2024-04-18 21:15:23.903 [Thread-1] INFO  skf.core.SEEHLAModule - The Object 'model.Habitation@6f8d7714' has been updated on the HLA/RTI platform.
2024-04-18 21:15:24.901 [Thread-1] INFO  skf.core.SEEHLAModule - The Object 'model.Habitation@6f8d7714' has been updated on the HLA/RTI platform.
2024-04-18 21:15:25.897 [Thread-1] INFO  skf.core.SEEHLAModule - The Object 'model.Habitation@6f8d7714' has been updated on the HLA/RTI platform.
2024-04-18 21:15:26.896 [Thread-1] INFO  skf.core.SEEHLAModule - The Object 'model.Habitation@6f8d7714' has been updated on the HLA/RTI platform.
2024-04-18 21:15:27.894 [Thread-1] INFO  skf.core.SEEHLAModule - The Object 'model.Habitation@6f8d7714' has been updated on the HLA/RTI platform.
