2024-04-09 00:29:15.621 [main] INFO  skf.core.SEEAbstractFederateAmbassador - SEEAbstractFederateAmbassador Costruttore
2024-04-09 00:29:15.638 [main] INFO  skf.config.ConfigurationFactory - Importing the SFK configuration file
2024-04-09 00:29:15.780 [main] INFO  skf.core.SEEHLAModule - Connecting to HLA/RTI.
2024-04-09 00:29:15.835 [main] INFO  skf.core.SEERTIAmbassador - Vendor HLA/RTI: name:pRTI 1516, rtiVersion: v5.5.9, hlaVersion: HLA IEEE 1516-2010
2024-04-09 00:29:16.216 [main] INFO  skf.core.SEEHLAModule - Loading FOMs modules.
2024-04-09 00:29:16.218 [main] INFO  skf.core.SEEHLAModule - Join the federate ' Habitation ' into the Federation execution ' SEE 2024 '.
2024-04-09 00:29:16.444 [prti1516e: LRC[0x0fc258b1] Federate service] INFO  skf.core.SEEAbstractFederateAmbassador - Synchronization point announced: INITIALIZATION_COMPLETED
2024-04-09 00:29:16.448 [main] INFO  skf.core.SEEHLAModule - Asynchronous delivery enabled.
2024-04-09 00:29:16.449 [main] INFO  skf.core.SEEHLAModule - Subscribed to the Subject
2024-04-09 00:29:16.459 [main] INFO  skf.core.SEEHLAModule - The ObjectClass 'class skf.model.object.executionConfiguration.ExecutionConfiguration' has been subscribed.
2024-04-09 00:29:16.479 [prti1516e: LRC[0x0fc258b1] Federate service] INFO  skf.core.SEEAbstractFederateAmbassador - ObjectInstanceHandle: instance<102>, ObjectClassHandle: objectClass<9>, Name: ExCO, FederateHandle: null
2024-04-09 00:29:16.515 [main] INFO  skf.core.SEEHLAModule - The Interaction ' ModeTransitionRequest [execution_mode=null] ' has been published.
2024-04-09 00:29:16.520 [main] INFO  skf.core.SEEHLAModule - The Object ' model.Habitation@35e478f ' has been published.
2024-04-09 00:29:16.520 [main] INFO  skf.core.SEEHLAModule - Subscribing the ' AitkenBasinLocalFixed ' ReferenceFrame
2024-04-09 00:29:16.531 [main] INFO  skf.core.SEEHLAModule - Set up time management.
2024-04-09 00:29:16.531 [main] INFO  skf.core.SEEHLAModule - Time constrained enabled.
2024-04-09 00:29:16.545 [prti1516e: LRC[0x0fc258b1] Federate service] INFO  skf.core.SEEAbstractFederateAmbassador - ObjectInstanceHandle: instance<1103>, ObjectClassHandle: objectClass<8>, Name: SunCentricInertial, FederateHandle: null
2024-04-09 00:29:16.552 [prti1516e: LRC[0x0fc258b1] Federate service] INFO  skf.core.SEEAbstractFederateAmbassador - ObjectInstanceHandle: instance<1110>, ObjectClassHandle: objectClass<8>, Name: EarthMoonL2Rotating, FederateHandle: null
2024-04-09 00:29:16.553 [prti1516e: LRC[0x0fc258b1] Federate service] INFO  skf.core.SEEAbstractFederateAmbassador - ObjectInstanceHandle: instance<1108>, ObjectClassHandle: objectClass<8>, Name: MoonCentricInertial, FederateHandle: null
2024-04-09 00:29:16.553 [prti1516e: LRC[0x0fc258b1] Federate service] INFO  skf.core.SEEAbstractFederateAmbassador - ObjectInstanceHandle: instance<1112>, ObjectClassHandle: objectClass<8>, Name: MarsCentricFixed, FederateHandle: null
2024-04-09 00:29:16.553 [prti1516e: LRC[0x0fc258b1] Federate service] INFO  skf.core.SEEAbstractFederateAmbassador - ObjectInstanceHandle: instance<1111>, ObjectClassHandle: objectClass<8>, Name: MarsCentricInertial, FederateHandle: null
2024-04-09 00:29:16.553 [prti1516e: LRC[0x0fc258b1] Federate service] INFO  skf.core.SEEAbstractFederateAmbassador - ObjectInstanceHandle: instance<1107>, ObjectClassHandle: objectClass<8>, Name: EarthCentricFixed, FederateHandle: null
2024-04-09 00:29:16.553 [prti1516e: LRC[0x0fc258b1] Federate service] INFO  skf.core.SEEAbstractFederateAmbassador - ObjectInstanceHandle: instance<1105>, ObjectClassHandle: objectClass<8>, Name: EarthMoonBarycentricRotating, FederateHandle: null
2024-04-09 00:29:16.553 [prti1516e: LRC[0x0fc258b1] Federate service] INFO  skf.core.SEEAbstractFederateAmbassador - ObjectInstanceHandle: instance<1104>, ObjectClassHandle: objectClass<8>, Name: EarthMoonBarycentricInertial, FederateHandle: null
2024-04-09 00:29:16.553 [prti1516e: LRC[0x0fc258b1] Federate service] INFO  skf.core.SEEAbstractFederateAmbassador - ObjectInstanceHandle: instance<1106>, ObjectClassHandle: objectClass<8>, Name: EarthCentricInertial, FederateHandle: null
2024-04-09 00:29:16.553 [prti1516e: LRC[0x0fc258b1] Federate service] INFO  skf.core.SEEAbstractFederateAmbassador - ObjectInstanceHandle: instance<1114>, ObjectClassHandle: objectClass<8>, Name: SeeLunarSouthPoleBaseLocalFixed, FederateHandle: null
2024-04-09 00:29:16.553 [prti1516e: LRC[0x0fc258b1] Federate service] ERROR skf.core.SEEAbstractFederateAmbassador - Can't find the FrameType: SeeLunarSouthPoleBaseLocalFixed
2024-04-09 00:29:16.554 [prti1516e: LRC[0x0fc258b1] Federate service] INFO  skf.core.SEEAbstractFederateAmbassador - ObjectInstanceHandle: instance<1113>, ObjectClassHandle: objectClass<8>, Name: AitkenBasinLocalFixed, FederateHandle: null
2024-04-09 00:29:16.554 [prti1516e: LRC[0x0fc258b1] Federate service] INFO  skf.core.SEEAbstractFederateAmbassador - ObjectInstanceHandle: instance<1102>, ObjectClassHandle: objectClass<8>, Name: SolarSystemBarycentricInertial, FederateHandle: null
2024-04-09 00:29:16.554 [prti1516e: LRC[0x0fc258b1] Federate service] INFO  skf.core.SEEAbstractFederateAmbassador - ObjectInstanceHandle: instance<1109>, ObjectClassHandle: objectClass<8>, Name: MoonCentricFixed, FederateHandle: null
2024-04-09 00:29:18.317 [Thread-1] INFO  skf.core.SEEHLAModule - The Object 'model.Habitation@35e478f' has been updated on the HLA/RTI platform.
2024-04-09 00:29:19.288 [Thread-1] INFO  skf.core.SEEHLAModule - The Object 'model.Habitation@35e478f' has been updated on the HLA/RTI platform.
2024-04-09 00:29:20.303 [Thread-1] INFO  skf.core.SEEHLAModule - The Object 'model.Habitation@35e478f' has been updated on the HLA/RTI platform.
2024-04-09 00:29:21.296 [Thread-1] INFO  skf.core.SEEHLAModule - The Object 'model.Habitation@35e478f' has been updated on the HLA/RTI platform.
2024-04-09 00:29:22.290 [Thread-1] INFO  skf.core.SEEHLAModule - The Object 'model.Habitation@35e478f' has been updated on the HLA/RTI platform.
2024-04-09 00:29:23.302 [Thread-1] INFO  skf.core.SEEHLAModule - The Object 'model.Habitation@35e478f' has been updated on the HLA/RTI platform.
2024-04-09 00:29:24.300 [Thread-1] INFO  skf.core.SEEHLAModule - The Object 'model.Habitation@35e478f' has been updated on the HLA/RTI platform.
2024-04-09 00:29:25.297 [Thread-1] INFO  skf.core.SEEHLAModule - The Object 'model.Habitation@35e478f' has been updated on the HLA/RTI platform.
2024-04-09 00:29:26.299 [Thread-1] INFO  skf.core.SEEHLAModule - The Object 'model.Habitation@35e478f' has been updated on the HLA/RTI platform.
2024-04-09 00:29:27.291 [Thread-1] INFO  skf.core.SEEHLAModule - The Object 'model.Habitation@35e478f' has been updated on the HLA/RTI platform.
2024-04-09 00:29:28.301 [Thread-1] INFO  skf.core.SEEHLAModule - The Object 'model.Habitation@35e478f' has been updated on the HLA/RTI platform.
2024-04-09 00:29:29.297 [Thread-1] INFO  skf.core.SEEHLAModule - The Object 'model.Habitation@35e478f' has been updated on the HLA/RTI platform.
2024-04-09 00:29:30.296 [Thread-1] INFO  skf.core.SEEHLAModule - The Object 'model.Habitation@35e478f' has been updated on the HLA/RTI platform.
2024-04-09 00:29:31.294 [Thread-1] INFO  skf.core.SEEHLAModule - The Object 'model.Habitation@35e478f' has been updated on the HLA/RTI platform.
2024-04-09 00:29:32.290 [Thread-1] INFO  skf.core.SEEHLAModule - The Object 'model.Habitation@35e478f' has been updated on the HLA/RTI platform.
2024-04-09 00:29:33.302 [Thread-1] INFO  skf.core.SEEHLAModule - The Object 'model.Habitation@35e478f' has been updated on the HLA/RTI platform.
2024-04-09 00:29:34.296 [Thread-1] INFO  skf.core.SEEHLAModule - The Object 'model.Habitation@35e478f' has been updated on the HLA/RTI platform.
2024-04-09 00:29:35.288 [Thread-1] INFO  skf.core.SEEHLAModule - The Object 'model.Habitation@35e478f' has been updated on the HLA/RTI platform.
2024-04-09 00:29:36.303 [Thread-1] INFO  skf.core.SEEHLAModule - The Object 'model.Habitation@35e478f' has been updated on the HLA/RTI platform.
2024-04-09 00:29:37.299 [Thread-1] INFO  skf.core.SEEHLAModule - The Object 'model.Habitation@35e478f' has been updated on the HLA/RTI platform.
2024-04-09 00:29:38.295 [Thread-1] INFO  skf.core.SEEHLAModule - The Object 'model.Habitation@35e478f' has been updated on the HLA/RTI platform.
2024-04-09 00:29:39.288 [Thread-1] INFO  skf.core.SEEHLAModule - The Object 'model.Habitation@35e478f' has been updated on the HLA/RTI platform.
2024-04-09 00:29:40.302 [Thread-1] INFO  skf.core.SEEHLAModule - The Object 'model.Habitation@35e478f' has been updated on the HLA/RTI platform.
2024-04-09 00:29:41.295 [Thread-1] INFO  skf.core.SEEHLAModule - The Object 'model.Habitation@35e478f' has been updated on the HLA/RTI platform.
2024-04-09 00:29:42.293 [Thread-1] INFO  skf.core.SEEHLAModule - The Object 'model.Habitation@35e478f' has been updated on the HLA/RTI platform.
2024-04-09 00:29:43.304 [Thread-1] INFO  skf.core.SEEHLAModule - The Object 'model.Habitation@35e478f' has been updated on the HLA/RTI platform.
2024-04-09 00:29:44.295 [Thread-1] INFO  skf.core.SEEHLAModule - The Object 'model.Habitation@35e478f' has been updated on the HLA/RTI platform.
2024-04-09 00:29:45.291 [Thread-1] INFO  skf.core.SEEHLAModule - The Object 'model.Habitation@35e478f' has been updated on the HLA/RTI platform.
2024-04-09 00:29:46.291 [Thread-1] INFO  skf.core.SEEHLAModule - The Object 'model.Habitation@35e478f' has been updated on the HLA/RTI platform.
2024-04-09 00:29:47.289 [Thread-1] INFO  skf.core.SEEHLAModule - The Object 'model.Habitation@35e478f' has been updated on the HLA/RTI platform.
2024-04-09 00:29:48.303 [Thread-1] INFO  skf.core.SEEHLAModule - The Object 'model.Habitation@35e478f' has been updated on the HLA/RTI platform.
2024-04-09 00:29:49.300 [Thread-1] INFO  skf.core.SEEHLAModule - The Object 'model.Habitation@35e478f' has been updated on the HLA/RTI platform.
2024-04-09 00:29:50.297 [Thread-1] INFO  skf.core.SEEHLAModule - The Object 'model.Habitation@35e478f' has been updated on the HLA/RTI platform.
2024-04-09 00:29:51.292 [Thread-1] INFO  skf.core.SEEHLAModule - The Object 'model.Habitation@35e478f' has been updated on the HLA/RTI platform.
2024-04-09 00:29:52.292 [Thread-1] INFO  skf.core.SEEHLAModule - The Object 'model.Habitation@35e478f' has been updated on the HLA/RTI platform.
2024-04-09 00:29:53.303 [Thread-1] INFO  skf.core.SEEHLAModule - The Object 'model.Habitation@35e478f' has been updated on the HLA/RTI platform.
2024-04-09 00:29:54.292 [Thread-1] INFO  skf.core.SEEHLAModule - The Object 'model.Habitation@35e478f' has been updated on the HLA/RTI platform.
2024-04-09 00:29:55.290 [Thread-1] INFO  skf.core.SEEHLAModule - The Object 'model.Habitation@35e478f' has been updated on the HLA/RTI platform.
2024-04-09 00:29:56.291 [Thread-1] INFO  skf.core.SEEHLAModule - The Object 'model.Habitation@35e478f' has been updated on the HLA/RTI platform.
2024-04-09 00:29:57.304 [Thread-1] INFO  skf.core.SEEHLAModule - The Object 'model.Habitation@35e478f' has been updated on the HLA/RTI platform.
2024-04-09 00:29:58.301 [Thread-1] INFO  skf.core.SEEHLAModule - The Object 'model.Habitation@35e478f' has been updated on the HLA/RTI platform.
2024-04-09 00:29:59.295 [Thread-1] INFO  skf.core.SEEHLAModule - The Object 'model.Habitation@35e478f' has been updated on the HLA/RTI platform.
2024-04-09 00:30:00.290 [Thread-1] INFO  skf.core.SEEHLAModule - The Object 'model.Habitation@35e478f' has been updated on the HLA/RTI platform.
2024-04-09 00:30:01.289 [Thread-1] INFO  skf.core.SEEHLAModule - The Object 'model.Habitation@35e478f' has been updated on the HLA/RTI platform.
2024-04-09 00:30:02.303 [Thread-1] INFO  skf.core.SEEHLAModule - The Object 'model.Habitation@35e478f' has been updated on the HLA/RTI platform.
2024-04-09 00:30:03.299 [Thread-1] INFO  skf.core.SEEHLAModule - The Object 'model.Habitation@35e478f' has been updated on the HLA/RTI platform.
2024-04-09 00:30:04.293 [Thread-1] INFO  skf.core.SEEHLAModule - The Object 'model.Habitation@35e478f' has been updated on the HLA/RTI platform.
2024-04-09 00:30:05.301 [Thread-1] INFO  skf.core.SEEHLAModule - The Object 'model.Habitation@35e478f' has been updated on the HLA/RTI platform.
2024-04-09 00:30:06.299 [Thread-1] INFO  skf.core.SEEHLAModule - The Object 'model.Habitation@35e478f' has been updated on the HLA/RTI platform.
2024-04-09 00:30:07.288 [Thread-1] INFO  skf.core.SEEHLAModule - The Object 'model.Habitation@35e478f' has been updated on the HLA/RTI platform.
2024-04-09 00:30:08.300 [Thread-1] INFO  skf.core.SEEHLAModule - The Object 'model.Habitation@35e478f' has been updated on the HLA/RTI platform.
2024-04-09 00:30:09.290 [Thread-1] INFO  skf.core.SEEHLAModule - The Object 'model.Habitation@35e478f' has been updated on the HLA/RTI platform.
2024-04-09 00:30:10.300 [Thread-1] INFO  skf.core.SEEHLAModule - The Object 'model.Habitation@35e478f' has been updated on the HLA/RTI platform.
2024-04-09 00:30:11.293 [Thread-1] INFO  skf.core.SEEHLAModule - The Object 'model.Habitation@35e478f' has been updated on the HLA/RTI platform.
2024-04-09 00:30:12.289 [Thread-1] INFO  skf.core.SEEHLAModule - The Object 'model.Habitation@35e478f' has been updated on the HLA/RTI platform.
2024-04-09 00:30:13.298 [Thread-1] INFO  skf.core.SEEHLAModule - The Object 'model.Habitation@35e478f' has been updated on the HLA/RTI platform.
2024-04-09 00:30:14.292 [Thread-1] INFO  skf.core.SEEHLAModule - The Object 'model.Habitation@35e478f' has been updated on the HLA/RTI platform.
2024-04-09 00:30:15.289 [Thread-1] INFO  skf.core.SEEHLAModule - The Object 'model.Habitation@35e478f' has been updated on the HLA/RTI platform.
2024-04-09 00:30:16.301 [Thread-1] INFO  skf.core.SEEHLAModule - The Object 'model.Habitation@35e478f' has been updated on the HLA/RTI platform.
2024-04-09 00:30:17.291 [Thread-1] INFO  skf.core.SEEHLAModule - The Object 'model.Habitation@35e478f' has been updated on the HLA/RTI platform.
2024-04-09 00:30:18.289 [Thread-1] INFO  skf.core.SEEHLAModule - The Object 'model.Habitation@35e478f' has been updated on the HLA/RTI platform.
2024-04-09 00:30:19.294 [Thread-1] INFO  skf.core.SEEHLAModule - The Object 'model.Habitation@35e478f' has been updated on the HLA/RTI platform.
2024-04-09 00:30:20.291 [Thread-1] INFO  skf.core.SEEHLAModule - The Object 'model.Habitation@35e478f' has been updated on the HLA/RTI platform.
2024-04-09 00:30:21.301 [Thread-1] INFO  skf.core.SEEHLAModule - The Object 'model.Habitation@35e478f' has been updated on the HLA/RTI platform.
2024-04-09 00:30:22.298 [Thread-1] INFO  skf.core.SEEHLAModule - The Object 'model.Habitation@35e478f' has been updated on the HLA/RTI platform.
2024-04-09 00:30:23.291 [Thread-1] INFO  skf.core.SEEHLAModule - The Object 'model.Habitation@35e478f' has been updated on the HLA/RTI platform.
2024-04-09 00:30:24.289 [Thread-1] INFO  skf.core.SEEHLAModule - The Object 'model.Habitation@35e478f' has been updated on the HLA/RTI platform.
2024-04-09 00:30:25.297 [Thread-1] INFO  skf.core.SEEHLAModule - The Object 'model.Habitation@35e478f' has been updated on the HLA/RTI platform.
2024-04-09 00:30:26.292 [Thread-1] INFO  skf.core.SEEHLAModule - The Object 'model.Habitation@35e478f' has been updated on the HLA/RTI platform.
2024-04-09 00:30:27.298 [Thread-1] INFO  skf.core.SEEHLAModule - The Object 'model.Habitation@35e478f' has been updated on the HLA/RTI platform.
2024-04-09 00:30:28.295 [Thread-1] INFO  skf.core.SEEHLAModule - The Object 'model.Habitation@35e478f' has been updated on the HLA/RTI platform.
2024-04-09 00:30:29.301 [Thread-1] INFO  skf.core.SEEHLAModule - The Object 'model.Habitation@35e478f' has been updated on the HLA/RTI platform.
2024-04-09 00:30:30.297 [Thread-1] INFO  skf.core.SEEHLAModule - The Object 'model.Habitation@35e478f' has been updated on the HLA/RTI platform.
2024-04-09 00:30:31.291 [Thread-1] INFO  skf.core.SEEHLAModule - The Object 'model.Habitation@35e478f' has been updated on the HLA/RTI platform.
2024-04-09 00:30:32.288 [Thread-1] INFO  skf.core.SEEHLAModule - The Object 'model.Habitation@35e478f' has been updated on the HLA/RTI platform.
2024-04-09 00:30:33.299 [Thread-1] INFO  skf.core.SEEHLAModule - The Object 'model.Habitation@35e478f' has been updated on the HLA/RTI platform.
2024-04-09 00:30:34.295 [Thread-1] INFO  skf.core.SEEHLAModule - The Object 'model.Habitation@35e478f' has been updated on the HLA/RTI platform.
2024-04-09 00:30:35.299 [Thread-1] INFO  skf.core.SEEHLAModule - The Object 'model.Habitation@35e478f' has been updated on the HLA/RTI platform.
2024-04-09 00:30:36.293 [Thread-1] INFO  skf.core.SEEHLAModule - The Object 'model.Habitation@35e478f' has been updated on the HLA/RTI platform.
2024-04-09 00:30:37.302 [Thread-1] INFO  skf.core.SEEHLAModule - The Object 'model.Habitation@35e478f' has been updated on the HLA/RTI platform.
2024-04-09 00:30:38.297 [Thread-1] INFO  skf.core.SEEHLAModule - The Object 'model.Habitation@35e478f' has been updated on the HLA/RTI platform.
2024-04-09 00:30:39.294 [Thread-1] INFO  skf.core.SEEHLAModule - The Object 'model.Habitation@35e478f' has been updated on the HLA/RTI platform.
2024-04-09 00:30:40.302 [Thread-1] INFO  skf.core.SEEHLAModule - The Object 'model.Habitation@35e478f' has been updated on the HLA/RTI platform.
2024-04-09 00:30:41.299 [Thread-1] INFO  skf.core.SEEHLAModule - The Object 'model.Habitation@35e478f' has been updated on the HLA/RTI platform.
2024-04-09 00:30:42.296 [Thread-1] INFO  skf.core.SEEHLAModule - The Object 'model.Habitation@35e478f' has been updated on the HLA/RTI platform.
2024-04-09 00:30:43.292 [Thread-1] INFO  skf.core.SEEHLAModule - The Object 'model.Habitation@35e478f' has been updated on the HLA/RTI platform.
2024-04-09 00:30:44.303 [Thread-1] INFO  skf.core.SEEHLAModule - The Object 'model.Habitation@35e478f' has been updated on the HLA/RTI platform.
2024-04-09 00:30:45.295 [Thread-1] INFO  skf.core.SEEHLAModule - The Object 'model.Habitation@35e478f' has been updated on the HLA/RTI platform.
2024-04-09 00:30:46.288 [Thread-1] INFO  skf.core.SEEHLAModule - The Object 'model.Habitation@35e478f' has been updated on the HLA/RTI platform.
2024-04-09 00:30:47.300 [Thread-1] INFO  skf.core.SEEHLAModule - The Object 'model.Habitation@35e478f' has been updated on the HLA/RTI platform.
2024-04-09 00:30:48.294 [Thread-1] INFO  skf.core.SEEHLAModule - The Object 'model.Habitation@35e478f' has been updated on the HLA/RTI platform.
2024-04-09 00:30:49.302 [Thread-1] INFO  skf.core.SEEHLAModule - The Object 'model.Habitation@35e478f' has been updated on the HLA/RTI platform.
2024-04-09 00:30:50.301 [Thread-1] INFO  skf.core.SEEHLAModule - The Object 'model.Habitation@35e478f' has been updated on the HLA/RTI platform.
2024-04-09 00:30:51.294 [Thread-1] INFO  skf.core.SEEHLAModule - The Object 'model.Habitation@35e478f' has been updated on the HLA/RTI platform.
2024-04-09 00:30:52.302 [Thread-1] INFO  skf.core.SEEHLAModule - The Object 'model.Habitation@35e478f' has been updated on the HLA/RTI platform.
2024-04-09 00:30:53.299 [Thread-1] INFO  skf.core.SEEHLAModule - The Object 'model.Habitation@35e478f' has been updated on the HLA/RTI platform.
2024-04-09 00:30:54.295 [Thread-1] INFO  skf.core.SEEHLAModule - The Object 'model.Habitation@35e478f' has been updated on the HLA/RTI platform.
2024-04-09 00:30:55.293 [Thread-1] INFO  skf.core.SEEHLAModule - The Object 'model.Habitation@35e478f' has been updated on the HLA/RTI platform.
2024-04-09 00:30:56.300 [Thread-1] INFO  skf.core.SEEHLAModule - The Object 'model.Habitation@35e478f' has been updated on the HLA/RTI platform.
2024-04-09 00:30:57.289 [Thread-1] INFO  skf.core.SEEHLAModule - The Object 'model.Habitation@35e478f' has been updated on the HLA/RTI platform.
2024-04-09 00:30:58.299 [Thread-1] INFO  skf.core.SEEHLAModule - The Object 'model.Habitation@35e478f' has been updated on the HLA/RTI platform.
2024-04-09 00:30:59.288 [Thread-1] INFO  skf.core.SEEHLAModule - The Object 'model.Habitation@35e478f' has been updated on the HLA/RTI platform.
2024-04-09 00:31:00.300 [Thread-1] INFO  skf.core.SEEHLAModule - The Object 'model.Habitation@35e478f' has been updated on the HLA/RTI platform.
2024-04-09 00:31:01.296 [Thread-1] INFO  skf.core.SEEHLAModule - The Object 'model.Habitation@35e478f' has been updated on the HLA/RTI platform.
2024-04-09 00:31:02.294 [Thread-1] INFO  skf.core.SEEHLAModule - The Object 'model.Habitation@35e478f' has been updated on the HLA/RTI platform.
2024-04-09 00:31:03.300 [Thread-1] INFO  skf.core.SEEHLAModule - The Object 'model.Habitation@35e478f' has been updated on the HLA/RTI platform.
2024-04-09 00:31:04.296 [Thread-1] INFO  skf.core.SEEHLAModule - The Object 'model.Habitation@35e478f' has been updated on the HLA/RTI platform.
2024-04-09 00:31:05.288 [Thread-1] INFO  skf.core.SEEHLAModule - The Object 'model.Habitation@35e478f' has been updated on the HLA/RTI platform.
2024-04-09 00:31:06.302 [Thread-1] INFO  skf.core.SEEHLAModule - The Object 'model.Habitation@35e478f' has been updated on the HLA/RTI platform.
2024-04-09 00:31:07.292 [Thread-1] INFO  skf.core.SEEHLAModule - The Object 'model.Habitation@35e478f' has been updated on the HLA/RTI platform.
2024-04-09 00:31:08.298 [Thread-1] INFO  skf.core.SEEHLAModule - The Object 'model.Habitation@35e478f' has been updated on the HLA/RTI platform.
2024-04-09 00:31:09.293 [Thread-1] INFO  skf.core.SEEHLAModule - The Object 'model.Habitation@35e478f' has been updated on the HLA/RTI platform.
2024-04-09 00:31:10.301 [Thread-1] INFO  skf.core.SEEHLAModule - The Object 'model.Habitation@35e478f' has been updated on the HLA/RTI platform.
2024-04-09 00:31:11.293 [Thread-1] INFO  skf.core.SEEHLAModule - The Object 'model.Habitation@35e478f' has been updated on the HLA/RTI platform.
2024-04-09 00:31:12.289 [Thread-1] INFO  skf.core.SEEHLAModule - The Object 'model.Habitation@35e478f' has been updated on the HLA/RTI platform.
2024-04-09 00:31:13.300 [Thread-1] INFO  skf.core.SEEHLAModule - The Object 'model.Habitation@35e478f' has been updated on the HLA/RTI platform.
2024-04-09 00:31:14.296 [Thread-1] INFO  skf.core.SEEHLAModule - The Object 'model.Habitation@35e478f' has been updated on the HLA/RTI platform.
2024-04-09 00:31:15.287 [Thread-1] INFO  skf.core.SEEHLAModule - The Object 'model.Habitation@35e478f' has been updated on the HLA/RTI platform.
2024-04-09 00:31:16.299 [Thread-1] INFO  skf.core.SEEHLAModule - The Object 'model.Habitation@35e478f' has been updated on the HLA/RTI platform.
2024-04-09 00:31:17.297 [Thread-1] INFO  skf.core.SEEHLAModule - The Object 'model.Habitation@35e478f' has been updated on the HLA/RTI platform.
2024-04-09 00:31:18.290 [Thread-1] INFO  skf.core.SEEHLAModule - The Object 'model.Habitation@35e478f' has been updated on the HLA/RTI platform.
2024-04-09 00:31:19.302 [Thread-1] INFO  skf.core.SEEHLAModule - The Object 'model.Habitation@35e478f' has been updated on the HLA/RTI platform.
2024-04-09 00:31:20.299 [Thread-1] INFO  skf.core.SEEHLAModule - The Object 'model.Habitation@35e478f' has been updated on the HLA/RTI platform.
2024-04-09 00:31:21.292 [Thread-1] INFO  skf.core.SEEHLAModule - The Object 'model.Habitation@35e478f' has been updated on the HLA/RTI platform.
2024-04-09 00:31:22.299 [Thread-1] INFO  skf.core.SEEHLAModule - The Object 'model.Habitation@35e478f' has been updated on the HLA/RTI platform.
2024-04-09 00:31:23.296 [Thread-1] INFO  skf.core.SEEHLAModule - The Object 'model.Habitation@35e478f' has been updated on the HLA/RTI platform.
2024-04-09 00:31:24.294 [Thread-1] INFO  skf.core.SEEHLAModule - The Object 'model.Habitation@35e478f' has been updated on the HLA/RTI platform.
2024-04-09 00:31:25.293 [Thread-1] INFO  skf.core.SEEHLAModule - The Object 'model.Habitation@35e478f' has been updated on the HLA/RTI platform.
2024-04-09 00:31:26.298 [Thread-1] INFO  skf.core.SEEHLAModule - The Object 'model.Habitation@35e478f' has been updated on the HLA/RTI platform.
2024-04-09 00:31:27.293 [Thread-1] INFO  skf.core.SEEHLAModule - The Object 'model.Habitation@35e478f' has been updated on the HLA/RTI platform.
2024-04-09 00:31:28.288 [Thread-1] INFO  skf.core.SEEHLAModule - The Object 'model.Habitation@35e478f' has been updated on the HLA/RTI platform.
2024-04-09 00:31:29.297 [Thread-1] INFO  skf.core.SEEHLAModule - The Object 'model.Habitation@35e478f' has been updated on the HLA/RTI platform.
2024-04-09 00:31:30.293 [Thread-1] INFO  skf.core.SEEHLAModule - The Object 'model.Habitation@35e478f' has been updated on the HLA/RTI platform.
2024-04-09 00:31:31.301 [Thread-1] INFO  skf.core.SEEHLAModule - The Object 'model.Habitation@35e478f' has been updated on the HLA/RTI platform.
2024-04-09 00:31:32.296 [Thread-1] INFO  skf.core.SEEHLAModule - The Object 'model.Habitation@35e478f' has been updated on the HLA/RTI platform.
2024-04-09 00:43:36.534 [main] INFO  skf.core.SEEAbstractFederateAmbassador - SEEAbstractFederateAmbassador Costruttore
2024-04-09 00:43:36.547 [main] INFO  skf.config.ConfigurationFactory - Importing the SFK configuration file
2024-04-09 00:43:36.695 [main] INFO  skf.core.SEEHLAModule - Connecting to HLA/RTI.
2024-04-09 00:43:36.752 [main] INFO  skf.core.SEERTIAmbassador - Vendor HLA/RTI: name:pRTI 1516, rtiVersion: v5.5.9, hlaVersion: HLA IEEE 1516-2010
2024-04-09 00:43:37.133 [main] INFO  skf.core.SEEHLAModule - Loading FOMs modules.
2024-04-09 00:43:37.134 [main] INFO  skf.core.SEEHLAModule - Join the federate ' Habitation ' into the Federation execution ' SEE 2024 '.
2024-04-09 00:43:37.310 [prti1516e: LRC[0x3700ec9c] Federate service] INFO  skf.core.SEEAbstractFederateAmbassador - Synchronization point announced: INITIALIZATION_COMPLETED
2024-04-09 00:43:37.314 [main] INFO  skf.core.SEEHLAModule - Asynchronous delivery enabled.
2024-04-09 00:43:37.314 [main] INFO  skf.core.SEEHLAModule - Subscribed to the Subject
2024-04-09 00:43:37.324 [main] INFO  skf.core.SEEHLAModule - The ObjectClass 'class skf.model.object.executionConfiguration.ExecutionConfiguration' has been subscribed.
2024-04-09 00:43:37.337 [prti1516e: LRC[0x3700ec9c] Federate service] INFO  skf.core.SEEAbstractFederateAmbassador - ObjectInstanceHandle: instance<102>, ObjectClassHandle: objectClass<9>, Name: ExCO, FederateHandle: null
2024-04-09 00:43:37.373 [main] INFO  skf.core.SEEHLAModule - The Interaction ' ModeTransitionRequest [execution_mode=null] ' has been published.
2024-04-09 00:43:37.378 [main] INFO  skf.core.SEEHLAModule - The Object ' model.Habitation@89c65d5 ' has been published.
2024-04-09 00:43:37.379 [main] INFO  skf.core.SEEHLAModule - Subscribing the ' AitkenBasinLocalFixed ' ReferenceFrame
2024-04-09 00:43:37.388 [main] INFO  skf.core.SEEHLAModule - Set up time management.
2024-04-09 00:43:37.388 [main] INFO  skf.core.SEEHLAModule - Time constrained enabled.
2024-04-09 00:43:37.400 [prti1516e: LRC[0x3700ec9c] Federate service] INFO  skf.core.SEEAbstractFederateAmbassador - ObjectInstanceHandle: instance<1103>, ObjectClassHandle: objectClass<8>, Name: SunCentricInertial, FederateHandle: null
2024-04-09 00:43:37.406 [prti1516e: LRC[0x3700ec9c] Federate service] INFO  skf.core.SEEAbstractFederateAmbassador - ObjectInstanceHandle: instance<1110>, ObjectClassHandle: objectClass<8>, Name: EarthMoonL2Rotating, FederateHandle: null
2024-04-09 00:43:37.406 [prti1516e: LRC[0x3700ec9c] Federate service] INFO  skf.core.SEEAbstractFederateAmbassador - ObjectInstanceHandle: instance<1108>, ObjectClassHandle: objectClass<8>, Name: MoonCentricInertial, FederateHandle: null
2024-04-09 00:43:37.406 [prti1516e: LRC[0x3700ec9c] Federate service] INFO  skf.core.SEEAbstractFederateAmbassador - ObjectInstanceHandle: instance<1112>, ObjectClassHandle: objectClass<8>, Name: MarsCentricFixed, FederateHandle: null
2024-04-09 00:43:37.406 [prti1516e: LRC[0x3700ec9c] Federate service] INFO  skf.core.SEEAbstractFederateAmbassador - ObjectInstanceHandle: instance<1111>, ObjectClassHandle: objectClass<8>, Name: MarsCentricInertial, FederateHandle: null
2024-04-09 00:43:37.406 [prti1516e: LRC[0x3700ec9c] Federate service] INFO  skf.core.SEEAbstractFederateAmbassador - ObjectInstanceHandle: instance<1107>, ObjectClassHandle: objectClass<8>, Name: EarthCentricFixed, FederateHandle: null
2024-04-09 00:43:37.406 [prti1516e: LRC[0x3700ec9c] Federate service] INFO  skf.core.SEEAbstractFederateAmbassador - ObjectInstanceHandle: instance<1105>, ObjectClassHandle: objectClass<8>, Name: EarthMoonBarycentricRotating, FederateHandle: null
2024-04-09 00:43:37.406 [prti1516e: LRC[0x3700ec9c] Federate service] INFO  skf.core.SEEAbstractFederateAmbassador - ObjectInstanceHandle: instance<1104>, ObjectClassHandle: objectClass<8>, Name: EarthMoonBarycentricInertial, FederateHandle: null
2024-04-09 00:43:37.406 [prti1516e: LRC[0x3700ec9c] Federate service] INFO  skf.core.SEEAbstractFederateAmbassador - ObjectInstanceHandle: instance<1106>, ObjectClassHandle: objectClass<8>, Name: EarthCentricInertial, FederateHandle: null
2024-04-09 00:43:37.406 [prti1516e: LRC[0x3700ec9c] Federate service] INFO  skf.core.SEEAbstractFederateAmbassador - ObjectInstanceHandle: instance<1114>, ObjectClassHandle: objectClass<8>, Name: SeeLunarSouthPoleBaseLocalFixed, FederateHandle: null
2024-04-09 00:43:37.406 [prti1516e: LRC[0x3700ec9c] Federate service] ERROR skf.core.SEEAbstractFederateAmbassador - Can't find the FrameType: SeeLunarSouthPoleBaseLocalFixed
2024-04-09 00:43:37.407 [prti1516e: LRC[0x3700ec9c] Federate service] INFO  skf.core.SEEAbstractFederateAmbassador - ObjectInstanceHandle: instance<1113>, ObjectClassHandle: objectClass<8>, Name: AitkenBasinLocalFixed, FederateHandle: null
2024-04-09 00:43:37.407 [prti1516e: LRC[0x3700ec9c] Federate service] INFO  skf.core.SEEAbstractFederateAmbassador - ObjectInstanceHandle: instance<1102>, ObjectClassHandle: objectClass<8>, Name: SolarSystemBarycentricInertial, FederateHandle: null
2024-04-09 00:43:37.407 [prti1516e: LRC[0x3700ec9c] Federate service] INFO  skf.core.SEEAbstractFederateAmbassador - ObjectInstanceHandle: instance<1109>, ObjectClassHandle: objectClass<8>, Name: MoonCentricFixed, FederateHandle: null
2024-04-09 00:43:39.313 [Thread-1] INFO  skf.core.SEEHLAModule - The Object 'model.Habitation@89c65d5' has been updated on the HLA/RTI platform.
2024-04-09 00:43:40.300 [Thread-1] INFO  skf.core.SEEHLAModule - The Object 'model.Habitation@89c65d5' has been updated on the HLA/RTI platform.
2024-04-09 00:43:41.299 [Thread-1] INFO  skf.core.SEEHLAModule - The Object 'model.Habitation@89c65d5' has been updated on the HLA/RTI platform.
2024-04-09 00:43:42.291 [Thread-1] INFO  skf.core.SEEHLAModule - The Object 'model.Habitation@89c65d5' has been updated on the HLA/RTI platform.
2024-04-09 00:43:43.301 [Thread-1] INFO  skf.core.SEEHLAModule - The Object 'model.Habitation@89c65d5' has been updated on the HLA/RTI platform.
2024-04-09 00:43:44.295 [Thread-1] INFO  skf.core.SEEHLAModule - The Object 'model.Habitation@89c65d5' has been updated on the HLA/RTI platform.
2024-04-09 00:43:45.293 [Thread-1] INFO  skf.core.SEEHLAModule - The Object 'model.Habitation@89c65d5' has been updated on the HLA/RTI platform.
2024-04-09 00:43:46.303 [Thread-1] INFO  skf.core.SEEHLAModule - The Object 'model.Habitation@89c65d5' has been updated on the HLA/RTI platform.
2024-04-09 00:43:47.296 [Thread-1] INFO  skf.core.SEEHLAModule - The Object 'model.Habitation@89c65d5' has been updated on the HLA/RTI platform.
2024-04-09 00:43:48.303 [Thread-1] INFO  skf.core.SEEHLAModule - The Object 'model.Habitation@89c65d5' has been updated on the HLA/RTI platform.
2024-04-09 00:43:49.298 [Thread-1] INFO  skf.core.SEEHLAModule - The Object 'model.Habitation@89c65d5' has been updated on the HLA/RTI platform.
2024-04-09 00:43:50.291 [Thread-1] INFO  skf.core.SEEHLAModule - The Object 'model.Habitation@89c65d5' has been updated on the HLA/RTI platform.
2024-04-09 00:43:51.304 [Thread-1] INFO  skf.core.SEEHLAModule - The Object 'model.Habitation@89c65d5' has been updated on the HLA/RTI platform.
2024-04-09 00:43:52.295 [Thread-1] INFO  skf.core.SEEHLAModule - The Object 'model.Habitation@89c65d5' has been updated on the HLA/RTI platform.
2024-04-09 00:43:53.301 [Thread-1] INFO  skf.core.SEEHLAModule - The Object 'model.Habitation@89c65d5' has been updated on the HLA/RTI platform.
2024-04-09 00:43:54.296 [Thread-1] INFO  skf.core.SEEHLAModule - The Object 'model.Habitation@89c65d5' has been updated on the HLA/RTI platform.
2024-04-09 00:43:55.295 [Thread-1] INFO  skf.core.SEEHLAModule - The Object 'model.Habitation@89c65d5' has been updated on the HLA/RTI platform.
2024-04-09 00:43:56.291 [Thread-1] INFO  skf.core.SEEHLAModule - The Object 'model.Habitation@89c65d5' has been updated on the HLA/RTI platform.
2024-04-09 11:56:06.135 [main] INFO  skf.core.SEEAbstractFederateAmbassador - SEEAbstractFederateAmbassador Costruttore
2024-04-09 11:56:06.155 [main] INFO  skf.config.ConfigurationFactory - Importing the SFK configuration file
2024-04-09 11:56:06.302 [main] INFO  skf.core.SEEHLAModule - Connecting to HLA/RTI.
2024-04-09 11:56:06.355 [main] INFO  skf.core.SEERTIAmbassador - Vendor HLA/RTI: name:pRTI 1516, rtiVersion: v5.5.9, hlaVersion: HLA IEEE 1516-2010
2024-04-09 11:56:06.722 [main] INFO  skf.core.SEEHLAModule - Loading FOMs modules.
2024-04-09 11:56:06.723 [main] INFO  skf.core.SEEHLAModule - Join the federate ' Habitation ' into the Federation execution ' SEE 2024 '.
2024-04-09 11:56:06.991 [prti1516e: LRC[0x7ca33c24] Federate service] INFO  skf.core.SEEAbstractFederateAmbassador - Synchronization point announced: INITIALIZATION_COMPLETED
2024-04-09 11:56:06.996 [main] INFO  skf.core.SEEHLAModule - Asynchronous delivery enabled.
2024-04-09 11:56:06.997 [main] INFO  skf.core.SEEHLAModule - Subscribed to the Subject
2024-04-09 11:56:07.013 [main] INFO  skf.core.SEEHLAModule - The ObjectClass 'class skf.model.object.executionConfiguration.ExecutionConfiguration' has been subscribed.
2024-04-09 11:56:07.026 [prti1516e: LRC[0x7ca33c24] Federate service] INFO  skf.core.SEEAbstractFederateAmbassador - ObjectInstanceHandle: instance<102>, ObjectClassHandle: objectClass<9>, Name: ExCO, FederateHandle: null
2024-04-09 11:56:07.061 [main] INFO  skf.core.SEEHLAModule - The Interaction ' ModeTransitionRequest [execution_mode=null] ' has been published.
2024-04-09 11:56:07.067 [main] INFO  skf.core.SEEHLAModule - The Object ' model.Habitation@27e32fe4 ' has been published.
2024-04-09 11:56:07.067 [main] INFO  skf.core.SEEHLAModule - Subscribing the ' AitkenBasinLocalFixed ' ReferenceFrame
2024-04-09 11:56:07.078 [main] INFO  skf.core.SEEHLAModule - Set up time management.
2024-04-09 11:56:07.079 [main] INFO  skf.core.SEEHLAModule - Time constrained enabled.
2024-04-09 11:56:07.096 [prti1516e: LRC[0x7ca33c24] Federate service] INFO  skf.core.SEEAbstractFederateAmbassador - ObjectInstanceHandle: instance<1103>, ObjectClassHandle: objectClass<8>, Name: SunCentricInertial, FederateHandle: null
2024-04-09 11:56:07.102 [prti1516e: LRC[0x7ca33c24] Federate service] INFO  skf.core.SEEAbstractFederateAmbassador - ObjectInstanceHandle: instance<1110>, ObjectClassHandle: objectClass<8>, Name: EarthMoonL2Rotating, FederateHandle: null
2024-04-09 11:56:07.103 [prti1516e: LRC[0x7ca33c24] Federate service] INFO  skf.core.SEEAbstractFederateAmbassador - ObjectInstanceHandle: instance<1108>, ObjectClassHandle: objectClass<8>, Name: MoonCentricInertial, FederateHandle: null
2024-04-09 11:56:07.103 [prti1516e: LRC[0x7ca33c24] Federate service] INFO  skf.core.SEEAbstractFederateAmbassador - ObjectInstanceHandle: instance<1112>, ObjectClassHandle: objectClass<8>, Name: MarsCentricFixed, FederateHandle: null
2024-04-09 11:56:07.103 [prti1516e: LRC[0x7ca33c24] Federate service] INFO  skf.core.SEEAbstractFederateAmbassador - ObjectInstanceHandle: instance<1111>, ObjectClassHandle: objectClass<8>, Name: MarsCentricInertial, FederateHandle: null
2024-04-09 11:56:07.103 [prti1516e: LRC[0x7ca33c24] Federate service] INFO  skf.core.SEEAbstractFederateAmbassador - ObjectInstanceHandle: instance<1107>, ObjectClassHandle: objectClass<8>, Name: EarthCentricFixed, FederateHandle: null
2024-04-09 11:56:07.103 [prti1516e: LRC[0x7ca33c24] Federate service] INFO  skf.core.SEEAbstractFederateAmbassador - ObjectInstanceHandle: instance<1105>, ObjectClassHandle: objectClass<8>, Name: EarthMoonBarycentricRotating, FederateHandle: null
2024-04-09 11:56:07.103 [prti1516e: LRC[0x7ca33c24] Federate service] INFO  skf.core.SEEAbstractFederateAmbassador - ObjectInstanceHandle: instance<1104>, ObjectClassHandle: objectClass<8>, Name: EarthMoonBarycentricInertial, FederateHandle: null
2024-04-09 11:56:07.103 [prti1516e: LRC[0x7ca33c24] Federate service] INFO  skf.core.SEEAbstractFederateAmbassador - ObjectInstanceHandle: instance<1106>, ObjectClassHandle: objectClass<8>, Name: EarthCentricInertial, FederateHandle: null
2024-04-09 11:56:07.103 [prti1516e: LRC[0x7ca33c24] Federate service] INFO  skf.core.SEEAbstractFederateAmbassador - ObjectInstanceHandle: instance<1114>, ObjectClassHandle: objectClass<8>, Name: SeeLunarSouthPoleBaseLocalFixed, FederateHandle: null
2024-04-09 11:56:07.104 [prti1516e: LRC[0x7ca33c24] Federate service] ERROR skf.core.SEEAbstractFederateAmbassador - Can't find the FrameType: SeeLunarSouthPoleBaseLocalFixed
2024-04-09 11:56:07.104 [prti1516e: LRC[0x7ca33c24] Federate service] INFO  skf.core.SEEAbstractFederateAmbassador - ObjectInstanceHandle: instance<1113>, ObjectClassHandle: objectClass<8>, Name: AitkenBasinLocalFixed, FederateHandle: null
2024-04-09 11:56:07.104 [prti1516e: LRC[0x7ca33c24] Federate service] INFO  skf.core.SEEAbstractFederateAmbassador - ObjectInstanceHandle: instance<1102>, ObjectClassHandle: objectClass<8>, Name: SolarSystemBarycentricInertial, FederateHandle: null
2024-04-09 11:56:07.104 [prti1516e: LRC[0x7ca33c24] Federate service] INFO  skf.core.SEEAbstractFederateAmbassador - ObjectInstanceHandle: instance<1109>, ObjectClassHandle: objectClass<8>, Name: MoonCentricFixed, FederateHandle: null
2024-04-09 11:56:08.900 [Thread-1] INFO  skf.core.SEEHLAModule - The Object 'model.Habitation@27e32fe4' has been updated on the HLA/RTI platform.
2024-04-09 11:56:09.873 [Thread-1] INFO  skf.core.SEEHLAModule - The Object 'model.Habitation@27e32fe4' has been updated on the HLA/RTI platform.
2024-04-09 11:56:10.870 [Thread-1] INFO  skf.core.SEEHLAModule - The Object 'model.Habitation@27e32fe4' has been updated on the HLA/RTI platform.
2024-04-09 11:56:11.880 [Thread-1] INFO  skf.core.SEEHLAModule - The Object 'model.Habitation@27e32fe4' has been updated on the HLA/RTI platform.
2024-04-09 11:56:12.873 [Thread-1] INFO  skf.core.SEEHLAModule - The Object 'model.Habitation@27e32fe4' has been updated on the HLA/RTI platform.
2024-04-09 11:56:13.866 [Thread-1] INFO  skf.core.SEEHLAModule - The Object 'model.Habitation@27e32fe4' has been updated on the HLA/RTI platform.
2024-04-09 11:56:14.875 [Thread-1] INFO  skf.core.SEEHLAModule - The Object 'model.Habitation@27e32fe4' has been updated on the HLA/RTI platform.
2024-04-09 11:56:15.868 [Thread-1] INFO  skf.core.SEEHLAModule - The Object 'model.Habitation@27e32fe4' has been updated on the HLA/RTI platform.
2024-04-09 11:56:16.879 [Thread-1] INFO  skf.core.SEEHLAModule - The Object 'model.Habitation@27e32fe4' has been updated on the HLA/RTI platform.
2024-04-09 11:56:17.869 [Thread-1] INFO  skf.core.SEEHLAModule - The Object 'model.Habitation@27e32fe4' has been updated on the HLA/RTI platform.
2024-04-09 11:56:18.872 [Thread-1] INFO  skf.core.SEEHLAModule - The Object 'model.Habitation@27e32fe4' has been updated on the HLA/RTI platform.
2024-04-09 11:56:19.880 [Thread-1] INFO  skf.core.SEEHLAModule - The Object 'model.Habitation@27e32fe4' has been updated on the HLA/RTI platform.
2024-04-09 11:56:20.876 [Thread-1] INFO  skf.core.SEEHLAModule - The Object 'model.Habitation@27e32fe4' has been updated on the HLA/RTI platform.
2024-04-09 11:56:21.875 [Thread-1] INFO  skf.core.SEEHLAModule - The Object 'model.Habitation@27e32fe4' has been updated on the HLA/RTI platform.
2024-04-09 11:56:22.873 [Thread-1] INFO  skf.core.SEEHLAModule - The Object 'model.Habitation@27e32fe4' has been updated on the HLA/RTI platform.
2024-04-09 11:56:23.871 [Thread-1] INFO  skf.core.SEEHLAModule - The Object 'model.Habitation@27e32fe4' has been updated on the HLA/RTI platform.
2024-04-09 11:56:24.867 [Thread-1] INFO  skf.core.SEEHLAModule - The Object 'model.Habitation@27e32fe4' has been updated on the HLA/RTI platform.
2024-04-09 11:56:25.864 [Thread-1] INFO  skf.core.SEEHLAModule - The Object 'model.Habitation@27e32fe4' has been updated on the HLA/RTI platform.
2024-04-09 11:56:26.873 [Thread-1] INFO  skf.core.SEEHLAModule - The Object 'model.Habitation@27e32fe4' has been updated on the HLA/RTI platform.
2024-04-09 11:56:27.877 [Thread-1] INFO  skf.core.SEEHLAModule - The Object 'model.Habitation@27e32fe4' has been updated on the HLA/RTI platform.
2024-04-09 11:56:28.876 [Thread-1] INFO  skf.core.SEEHLAModule - The Object 'model.Habitation@27e32fe4' has been updated on the HLA/RTI platform.
2024-04-09 11:56:29.865 [Thread-1] INFO  skf.core.SEEHLAModule - The Object 'model.Habitation@27e32fe4' has been updated on the HLA/RTI platform.
2024-04-09 11:56:30.872 [Thread-1] INFO  skf.core.SEEHLAModule - The Object 'model.Habitation@27e32fe4' has been updated on the HLA/RTI platform.
2024-04-09 11:56:31.871 [Thread-1] INFO  skf.core.SEEHLAModule - The Object 'model.Habitation@27e32fe4' has been updated on the HLA/RTI platform.
2024-04-09 11:56:32.880 [Thread-1] INFO  skf.core.SEEHLAModule - The Object 'model.Habitation@27e32fe4' has been updated on the HLA/RTI platform.
2024-04-09 11:56:33.872 [Thread-1] INFO  skf.core.SEEHLAModule - The Object 'model.Habitation@27e32fe4' has been updated on the HLA/RTI platform.
2024-04-09 11:56:34.878 [Thread-1] INFO  skf.core.SEEHLAModule - The Object 'model.Habitation@27e32fe4' has been updated on the HLA/RTI platform.
2024-04-09 11:56:35.868 [Thread-1] INFO  skf.core.SEEHLAModule - The Object 'model.Habitation@27e32fe4' has been updated on the HLA/RTI platform.
2024-04-09 11:56:36.865 [Thread-1] INFO  skf.core.SEEHLAModule - The Object 'model.Habitation@27e32fe4' has been updated on the HLA/RTI platform.
2024-04-09 11:56:37.876 [Thread-1] INFO  skf.core.SEEHLAModule - The Object 'model.Habitation@27e32fe4' has been updated on the HLA/RTI platform.
2024-04-09 11:56:38.869 [Thread-1] INFO  skf.core.SEEHLAModule - The Object 'model.Habitation@27e32fe4' has been updated on the HLA/RTI platform.
2024-04-09 11:56:39.867 [Thread-1] INFO  skf.core.SEEHLAModule - The Object 'model.Habitation@27e32fe4' has been updated on the HLA/RTI platform.
2024-04-09 11:56:40.871 [Thread-1] INFO  skf.core.SEEHLAModule - The Object 'model.Habitation@27e32fe4' has been updated on the HLA/RTI platform.
2024-04-09 11:56:41.879 [Thread-1] INFO  skf.core.SEEHLAModule - The Object 'model.Habitation@27e32fe4' has been updated on the HLA/RTI platform.
2024-04-09 11:56:42.873 [Thread-1] INFO  skf.core.SEEHLAModule - The Object 'model.Habitation@27e32fe4' has been updated on the HLA/RTI platform.
2024-04-09 11:56:43.873 [Thread-1] INFO  skf.core.SEEHLAModule - The Object 'model.Habitation@27e32fe4' has been updated on the HLA/RTI platform.
2024-04-09 11:56:44.868 [Thread-1] INFO  skf.core.SEEHLAModule - The Object 'model.Habitation@27e32fe4' has been updated on the HLA/RTI platform.
2024-04-09 11:56:45.866 [Thread-1] INFO  skf.core.SEEHLAModule - The Object 'model.Habitation@27e32fe4' has been updated on the HLA/RTI platform.
2024-04-09 11:56:46.875 [Thread-1] INFO  skf.core.SEEHLAModule - The Object 'model.Habitation@27e32fe4' has been updated on the HLA/RTI platform.
2024-04-09 11:56:47.873 [Thread-1] INFO  skf.core.SEEHLAModule - The Object 'model.Habitation@27e32fe4' has been updated on the HLA/RTI platform.
2024-04-09 11:56:48.865 [Thread-1] INFO  skf.core.SEEHLAModule - The Object 'model.Habitation@27e32fe4' has been updated on the HLA/RTI platform.
2024-04-09 11:56:49.864 [Thread-1] INFO  skf.core.SEEHLAModule - The Object 'model.Habitation@27e32fe4' has been updated on the HLA/RTI platform.
2024-04-09 11:56:50.869 [Thread-1] INFO  skf.core.SEEHLAModule - The Object 'model.Habitation@27e32fe4' has been updated on the HLA/RTI platform.
2024-04-09 11:56:51.866 [Thread-1] INFO  skf.core.SEEHLAModule - The Object 'model.Habitation@27e32fe4' has been updated on the HLA/RTI platform.
2024-04-09 11:56:52.879 [Thread-1] INFO  skf.core.SEEHLAModule - The Object 'model.Habitation@27e32fe4' has been updated on the HLA/RTI platform.
2024-04-09 11:56:53.871 [Thread-1] INFO  skf.core.SEEHLAModule - The Object 'model.Habitation@27e32fe4' has been updated on the HLA/RTI platform.
2024-04-09 11:56:54.866 [Thread-1] INFO  skf.core.SEEHLAModule - The Object 'model.Habitation@27e32fe4' has been updated on the HLA/RTI platform.
2024-04-09 11:56:55.863 [Thread-1] INFO  skf.core.SEEHLAModule - The Object 'model.Habitation@27e32fe4' has been updated on the HLA/RTI platform.
2024-04-09 11:56:56.875 [Thread-1] INFO  skf.core.SEEHLAModule - The Object 'model.Habitation@27e32fe4' has been updated on the HLA/RTI platform.
2024-04-09 11:56:57.874 [Thread-1] INFO  skf.core.SEEHLAModule - The Object 'model.Habitation@27e32fe4' has been updated on the HLA/RTI platform.
2024-04-09 11:56:58.870 [Thread-1] INFO  skf.core.SEEHLAModule - The Object 'model.Habitation@27e32fe4' has been updated on the HLA/RTI platform.
2024-04-09 11:56:59.864 [Thread-1] INFO  skf.core.SEEHLAModule - The Object 'model.Habitation@27e32fe4' has been updated on the HLA/RTI platform.
2024-04-09 11:57:00.878 [Thread-1] INFO  skf.core.SEEHLAModule - The Object 'model.Habitation@27e32fe4' has been updated on the HLA/RTI platform.
2024-04-09 11:57:01.876 [Thread-1] INFO  skf.core.SEEHLAModule - The Object 'model.Habitation@27e32fe4' has been updated on the HLA/RTI platform.
2024-04-09 11:57:02.871 [Thread-1] INFO  skf.core.SEEHLAModule - The Object 'model.Habitation@27e32fe4' has been updated on the HLA/RTI platform.
2024-04-09 11:57:03.866 [Thread-1] INFO  skf.core.SEEHLAModule - The Object 'model.Habitation@27e32fe4' has been updated on the HLA/RTI platform.
2024-04-09 11:57:04.865 [Thread-1] INFO  skf.core.SEEHLAModule - The Object 'model.Habitation@27e32fe4' has been updated on the HLA/RTI platform.
2024-04-09 11:57:05.878 [Thread-1] INFO  skf.core.SEEHLAModule - The Object 'model.Habitation@27e32fe4' has been updated on the HLA/RTI platform.
2024-04-09 11:57:06.876 [Thread-1] INFO  skf.core.SEEHLAModule - The Object 'model.Habitation@27e32fe4' has been updated on the HLA/RTI platform.
2024-04-09 11:57:07.875 [Thread-1] INFO  skf.core.SEEHLAModule - The Object 'model.Habitation@27e32fe4' has been updated on the HLA/RTI platform.
2024-04-09 11:57:08.870 [Thread-1] INFO  skf.core.SEEHLAModule - The Object 'model.Habitation@27e32fe4' has been updated on the HLA/RTI platform.
2024-04-09 11:57:09.867 [Thread-1] INFO  skf.core.SEEHLAModule - The Object 'model.Habitation@27e32fe4' has been updated on the HLA/RTI platform.
2024-04-09 11:57:10.877 [Thread-1] INFO  skf.core.SEEHLAModule - The Object 'model.Habitation@27e32fe4' has been updated on the HLA/RTI platform.
2024-04-09 11:57:11.873 [Thread-1] INFO  skf.core.SEEHLAModule - The Object 'model.Habitation@27e32fe4' has been updated on the HLA/RTI platform.
2024-04-09 11:57:12.871 [Thread-1] INFO  skf.core.SEEHLAModule - The Object 'model.Habitation@27e32fe4' has been updated on the HLA/RTI platform.
2024-04-09 11:57:13.864 [Thread-1] INFO  skf.core.SEEHLAModule - The Object 'model.Habitation@27e32fe4' has been updated on the HLA/RTI platform.
2024-04-09 11:57:14.878 [Thread-1] INFO  skf.core.SEEHLAModule - The Object 'model.Habitation@27e32fe4' has been updated on the HLA/RTI platform.
2024-04-09 11:57:15.878 [Thread-1] INFO  skf.core.SEEHLAModule - The Object 'model.Habitation@27e32fe4' has been updated on the HLA/RTI platform.
2024-04-09 11:57:16.869 [Thread-1] INFO  skf.core.SEEHLAModule - The Object 'model.Habitation@27e32fe4' has been updated on the HLA/RTI platform.
2024-04-09 11:57:17.866 [Thread-1] INFO  skf.core.SEEHLAModule - The Object 'model.Habitation@27e32fe4' has been updated on the HLA/RTI platform.
2024-04-09 11:57:18.866 [Thread-1] INFO  skf.core.SEEHLAModule - The Object 'model.Habitation@27e32fe4' has been updated on the HLA/RTI platform.
2024-04-09 11:57:19.867 [Thread-1] INFO  skf.core.SEEHLAModule - The Object 'model.Habitation@27e32fe4' has been updated on the HLA/RTI platform.
2024-04-09 11:57:20.874 [Thread-1] INFO  skf.core.SEEHLAModule - The Object 'model.Habitation@27e32fe4' has been updated on the HLA/RTI platform.
2024-04-09 11:57:21.872 [Thread-1] INFO  skf.core.SEEHLAModule - The Object 'model.Habitation@27e32fe4' has been updated on the HLA/RTI platform.
2024-04-09 11:57:22.869 [Thread-1] INFO  skf.core.SEEHLAModule - The Object 'model.Habitation@27e32fe4' has been updated on the HLA/RTI platform.
2024-04-09 11:57:23.866 [Thread-1] INFO  skf.core.SEEHLAModule - The Object 'model.Habitation@27e32fe4' has been updated on the HLA/RTI platform.
2024-04-09 11:57:24.875 [Thread-1] INFO  skf.core.SEEHLAModule - The Object 'model.Habitation@27e32fe4' has been updated on the HLA/RTI platform.
2024-04-09 11:57:25.875 [Thread-1] INFO  skf.core.SEEHLAModule - The Object 'model.Habitation@27e32fe4' has been updated on the HLA/RTI platform.
2024-04-09 11:57:26.870 [Thread-1] INFO  skf.core.SEEHLAModule - The Object 'model.Habitation@27e32fe4' has been updated on the HLA/RTI platform.
2024-04-09 11:57:27.864 [Thread-1] INFO  skf.core.SEEHLAModule - The Object 'model.Habitation@27e32fe4' has been updated on the HLA/RTI platform.
2024-04-09 11:57:28.875 [Thread-1] INFO  skf.core.SEEHLAModule - The Object 'model.Habitation@27e32fe4' has been updated on the HLA/RTI platform.
2024-04-09 11:57:29.877 [Thread-1] INFO  skf.core.SEEHLAModule - The Object 'model.Habitation@27e32fe4' has been updated on the HLA/RTI platform.
2024-04-09 11:57:30.876 [Thread-1] INFO  skf.core.SEEHLAModule - The Object 'model.Habitation@27e32fe4' has been updated on the HLA/RTI platform.
2024-04-09 11:57:31.869 [Thread-1] INFO  skf.core.SEEHLAModule - The Object 'model.Habitation@27e32fe4' has been updated on the HLA/RTI platform.
2024-04-09 11:57:32.865 [Thread-1] INFO  skf.core.SEEHLAModule - The Object 'model.Habitation@27e32fe4' has been updated on the HLA/RTI platform.
2024-04-09 11:57:33.872 [Thread-1] INFO  skf.core.SEEHLAModule - The Object 'model.Habitation@27e32fe4' has been updated on the HLA/RTI platform.
2024-04-09 11:57:34.873 [Thread-1] INFO  skf.core.SEEHLAModule - The Object 'model.Habitation@27e32fe4' has been updated on the HLA/RTI platform.
2024-04-09 11:57:35.865 [Thread-1] INFO  skf.core.SEEHLAModule - The Object 'model.Habitation@27e32fe4' has been updated on the HLA/RTI platform.
2024-04-09 11:57:36.879 [Thread-1] INFO  skf.core.SEEHLAModule - The Object 'model.Habitation@27e32fe4' has been updated on the HLA/RTI platform.
2024-04-09 11:57:37.871 [Thread-1] INFO  skf.core.SEEHLAModule - The Object 'model.Habitation@27e32fe4' has been updated on the HLA/RTI platform.
2024-04-09 11:57:38.865 [Thread-1] INFO  skf.core.SEEHLAModule - The Object 'model.Habitation@27e32fe4' has been updated on the HLA/RTI platform.
2024-04-09 11:57:39.871 [Thread-1] INFO  skf.core.SEEHLAModule - The Object 'model.Habitation@27e32fe4' has been updated on the HLA/RTI platform.
2024-04-09 11:57:40.866 [Thread-1] INFO  skf.core.SEEHLAModule - The Object 'model.Habitation@27e32fe4' has been updated on the HLA/RTI platform.
2024-04-09 11:57:41.875 [Thread-1] INFO  skf.core.SEEHLAModule - The Object 'model.Habitation@27e32fe4' has been updated on the HLA/RTI platform.
2024-04-09 11:57:42.871 [Thread-1] INFO  skf.core.SEEHLAModule - The Object 'model.Habitation@27e32fe4' has been updated on the HLA/RTI platform.
2024-04-09 11:57:43.868 [Thread-1] INFO  skf.core.SEEHLAModule - The Object 'model.Habitation@27e32fe4' has been updated on the HLA/RTI platform.
2024-04-09 11:57:44.871 [Thread-1] INFO  skf.core.SEEHLAModule - The Object 'model.Habitation@27e32fe4' has been updated on the HLA/RTI platform.
2024-04-09 11:57:45.865 [Thread-1] INFO  skf.core.SEEHLAModule - The Object 'model.Habitation@27e32fe4' has been updated on the HLA/RTI platform.
2024-04-09 11:57:46.875 [Thread-1] INFO  skf.core.SEEHLAModule - The Object 'model.Habitation@27e32fe4' has been updated on the HLA/RTI platform.
2024-04-09 11:57:47.870 [Thread-1] INFO  skf.core.SEEHLAModule - The Object 'model.Habitation@27e32fe4' has been updated on the HLA/RTI platform.
2024-04-09 11:57:48.865 [Thread-1] INFO  skf.core.SEEHLAModule - The Object 'model.Habitation@27e32fe4' has been updated on the HLA/RTI platform.
2024-04-09 11:57:49.879 [Thread-1] INFO  skf.core.SEEHLAModule - The Object 'model.Habitation@27e32fe4' has been updated on the HLA/RTI platform.
2024-04-09 11:57:50.871 [Thread-1] INFO  skf.core.SEEHLAModule - The Object 'model.Habitation@27e32fe4' has been updated on the HLA/RTI platform.
2024-04-09 11:57:51.871 [Thread-1] INFO  skf.core.SEEHLAModule - The Object 'model.Habitation@27e32fe4' has been updated on the HLA/RTI platform.
2024-04-09 11:57:52.876 [Thread-1] INFO  skf.core.SEEHLAModule - The Object 'model.Habitation@27e32fe4' has been updated on the HLA/RTI platform.
2024-04-09 11:57:53.878 [Thread-1] INFO  skf.core.SEEHLAModule - The Object 'model.Habitation@27e32fe4' has been updated on the HLA/RTI platform.
2024-04-09 11:57:54.872 [Thread-1] INFO  skf.core.SEEHLAModule - The Object 'model.Habitation@27e32fe4' has been updated on the HLA/RTI platform.
2024-04-09 11:57:55.867 [Thread-1] INFO  skf.core.SEEHLAModule - The Object 'model.Habitation@27e32fe4' has been updated on the HLA/RTI platform.
2024-04-09 11:57:56.878 [Thread-1] INFO  skf.core.SEEHLAModule - The Object 'model.Habitation@27e32fe4' has been updated on the HLA/RTI platform.
2024-04-09 11:57:57.874 [Thread-1] INFO  skf.core.SEEHLAModule - The Object 'model.Habitation@27e32fe4' has been updated on the HLA/RTI platform.
2024-04-09 11:57:58.871 [Thread-1] INFO  skf.core.SEEHLAModule - The Object 'model.Habitation@27e32fe4' has been updated on the HLA/RTI platform.
2024-04-09 11:57:59.870 [Thread-1] INFO  skf.core.SEEHLAModule - The Object 'model.Habitation@27e32fe4' has been updated on the HLA/RTI platform.
2024-04-09 11:58:00.864 [Thread-1] INFO  skf.core.SEEHLAModule - The Object 'model.Habitation@27e32fe4' has been updated on the HLA/RTI platform.
2024-04-09 11:58:01.876 [Thread-1] INFO  skf.core.SEEHLAModule - The Object 'model.Habitation@27e32fe4' has been updated on the HLA/RTI platform.
2024-04-09 11:58:02.869 [Thread-1] INFO  skf.core.SEEHLAModule - The Object 'model.Habitation@27e32fe4' has been updated on the HLA/RTI platform.
2024-04-09 11:58:03.868 [Thread-1] INFO  skf.core.SEEHLAModule - The Object 'model.Habitation@27e32fe4' has been updated on the HLA/RTI platform.
2024-04-09 11:58:04.877 [Thread-1] INFO  skf.core.SEEHLAModule - The Object 'model.Habitation@27e32fe4' has been updated on the HLA/RTI platform.
2024-04-09 11:58:05.872 [Thread-1] INFO  skf.core.SEEHLAModule - The Object 'model.Habitation@27e32fe4' has been updated on the HLA/RTI platform.
2024-04-09 11:58:06.872 [Thread-1] INFO  skf.core.SEEHLAModule - The Object 'model.Habitation@27e32fe4' has been updated on the HLA/RTI platform.
2024-04-09 11:58:07.867 [Thread-1] INFO  skf.core.SEEHLAModule - The Object 'model.Habitation@27e32fe4' has been updated on the HLA/RTI platform.
2024-04-09 11:58:08.868 [Thread-1] INFO  skf.core.SEEHLAModule - The Object 'model.Habitation@27e32fe4' has been updated on the HLA/RTI platform.
2024-04-09 11:58:09.879 [Thread-1] INFO  skf.core.SEEHLAModule - The Object 'model.Habitation@27e32fe4' has been updated on the HLA/RTI platform.
2024-04-09 11:58:10.870 [Thread-1] INFO  skf.core.SEEHLAModule - The Object 'model.Habitation@27e32fe4' has been updated on the HLA/RTI platform.
2024-04-09 11:58:11.868 [Thread-1] INFO  skf.core.SEEHLAModule - The Object 'model.Habitation@27e32fe4' has been updated on the HLA/RTI platform.
2024-04-09 11:58:12.876 [Thread-1] INFO  skf.core.SEEHLAModule - The Object 'model.Habitation@27e32fe4' has been updated on the HLA/RTI platform.
2024-04-09 11:58:13.875 [Thread-1] INFO  skf.core.SEEHLAModule - The Object 'model.Habitation@27e32fe4' has been updated on the HLA/RTI platform.
2024-04-09 11:58:14.874 [Thread-1] INFO  skf.core.SEEHLAModule - The Object 'model.Habitation@27e32fe4' has been updated on the HLA/RTI platform.
2024-04-09 11:58:15.869 [Thread-1] INFO  skf.core.SEEHLAModule - The Object 'model.Habitation@27e32fe4' has been updated on the HLA/RTI platform.
2024-04-09 11:58:16.867 [Thread-1] INFO  skf.core.SEEHLAModule - The Object 'model.Habitation@27e32fe4' has been updated on the HLA/RTI platform.
2024-04-09 11:58:17.876 [Thread-1] INFO  skf.core.SEEHLAModule - The Object 'model.Habitation@27e32fe4' has been updated on the HLA/RTI platform.
2024-04-09 11:58:18.878 [Thread-1] INFO  skf.core.SEEHLAModule - The Object 'model.Habitation@27e32fe4' has been updated on the HLA/RTI platform.
2024-04-09 11:58:19.879 [Thread-1] INFO  skf.core.SEEHLAModule - The Object 'model.Habitation@27e32fe4' has been updated on the HLA/RTI platform.
2024-04-09 11:58:20.877 [Thread-1] INFO  skf.core.SEEHLAModule - The Object 'model.Habitation@27e32fe4' has been updated on the HLA/RTI platform.
2024-04-09 11:58:21.876 [Thread-1] INFO  skf.core.SEEHLAModule - The Object 'model.Habitation@27e32fe4' has been updated on the HLA/RTI platform.
2024-04-09 11:58:22.870 [Thread-1] INFO  skf.core.SEEHLAModule - The Object 'model.Habitation@27e32fe4' has been updated on the HLA/RTI platform.
2024-04-09 11:58:23.868 [Thread-1] INFO  skf.core.SEEHLAModule - The Object 'model.Habitation@27e32fe4' has been updated on the HLA/RTI platform.
2024-04-09 11:58:24.867 [Thread-1] INFO  skf.core.SEEHLAModule - The Object 'model.Habitation@27e32fe4' has been updated on the HLA/RTI platform.
2024-04-09 11:58:25.865 [Thread-1] INFO  skf.core.SEEHLAModule - The Object 'model.Habitation@27e32fe4' has been updated on the HLA/RTI platform.
2024-04-09 11:58:26.877 [Thread-1] INFO  skf.core.SEEHLAModule - The Object 'model.Habitation@27e32fe4' has been updated on the HLA/RTI platform.
2024-04-09 11:58:27.873 [Thread-1] INFO  skf.core.SEEHLAModule - The Object 'model.Habitation@27e32fe4' has been updated on the HLA/RTI platform.
2024-04-09 11:58:28.872 [Thread-1] INFO  skf.core.SEEHLAModule - The Object 'model.Habitation@27e32fe4' has been updated on the HLA/RTI platform.
2024-04-09 11:58:29.870 [Thread-1] INFO  skf.core.SEEHLAModule - The Object 'model.Habitation@27e32fe4' has been updated on the HLA/RTI platform.
2024-04-09 11:58:30.879 [Thread-1] INFO  skf.core.SEEHLAModule - The Object 'model.Habitation@27e32fe4' has been updated on the HLA/RTI platform.
2024-04-09 11:58:31.874 [Thread-1] INFO  skf.core.SEEHLAModule - The Object 'model.Habitation@27e32fe4' has been updated on the HLA/RTI platform.
2024-04-09 11:58:32.869 [Thread-1] INFO  skf.core.SEEHLAModule - The Object 'model.Habitation@27e32fe4' has been updated on the HLA/RTI platform.
2024-04-09 11:58:33.868 [Thread-1] INFO  skf.core.SEEHLAModule - The Object 'model.Habitation@27e32fe4' has been updated on the HLA/RTI platform.
2024-04-09 11:58:34.877 [Thread-1] INFO  skf.core.SEEHLAModule - The Object 'model.Habitation@27e32fe4' has been updated on the HLA/RTI platform.
2024-04-09 11:58:35.873 [Thread-1] INFO  skf.core.SEEHLAModule - The Object 'model.Habitation@27e32fe4' has been updated on the HLA/RTI platform.
2024-04-09 11:58:36.870 [Thread-1] INFO  skf.core.SEEHLAModule - The Object 'model.Habitation@27e32fe4' has been updated on the HLA/RTI platform.
2024-04-09 11:58:37.867 [Thread-1] INFO  skf.core.SEEHLAModule - The Object 'model.Habitation@27e32fe4' has been updated on the HLA/RTI platform.
2024-04-09 11:58:38.865 [Thread-1] INFO  skf.core.SEEHLAModule - The Object 'model.Habitation@27e32fe4' has been updated on the HLA/RTI platform.
2024-04-09 11:58:39.877 [Thread-1] INFO  skf.core.SEEHLAModule - The Object 'model.Habitation@27e32fe4' has been updated on the HLA/RTI platform.
2024-04-09 11:58:40.871 [Thread-1] INFO  skf.core.SEEHLAModule - The Object 'model.Habitation@27e32fe4' has been updated on the HLA/RTI platform.
2024-04-09 11:58:41.867 [Thread-1] INFO  skf.core.SEEHLAModule - The Object 'model.Habitation@27e32fe4' has been updated on the HLA/RTI platform.
2024-04-09 11:58:42.865 [Thread-1] INFO  skf.core.SEEHLAModule - The Object 'model.Habitation@27e32fe4' has been updated on the HLA/RTI platform.
2024-04-09 11:58:43.875 [Thread-1] INFO  skf.core.SEEHLAModule - The Object 'model.Habitation@27e32fe4' has been updated on the HLA/RTI platform.
2024-04-09 11:58:44.870 [Thread-1] INFO  skf.core.SEEHLAModule - The Object 'model.Habitation@27e32fe4' has been updated on the HLA/RTI platform.
2024-04-09 11:58:45.865 [Thread-1] INFO  skf.core.SEEHLAModule - The Object 'model.Habitation@27e32fe4' has been updated on the HLA/RTI platform.
2024-04-09 11:58:46.879 [Thread-1] INFO  skf.core.SEEHLAModule - The Object 'model.Habitation@27e32fe4' has been updated on the HLA/RTI platform.
2024-04-09 11:58:47.874 [Thread-1] INFO  skf.core.SEEHLAModule - The Object 'model.Habitation@27e32fe4' has been updated on the HLA/RTI platform.
2024-04-09 11:58:48.868 [Thread-1] INFO  skf.core.SEEHLAModule - The Object 'model.Habitation@27e32fe4' has been updated on the HLA/RTI platform.
2024-04-09 11:58:49.868 [Thread-1] INFO  skf.core.SEEHLAModule - The Object 'model.Habitation@27e32fe4' has been updated on the HLA/RTI platform.
2024-04-09 11:58:50.879 [Thread-1] INFO  skf.core.SEEHLAModule - The Object 'model.Habitation@27e32fe4' has been updated on the HLA/RTI platform.
2024-04-09 11:58:51.881 [Thread-1] INFO  skf.core.SEEHLAModule - The Object 'model.Habitation@27e32fe4' has been updated on the HLA/RTI platform.
2024-04-09 11:58:52.878 [Thread-1] INFO  skf.core.SEEHLAModule - The Object 'model.Habitation@27e32fe4' has been updated on the HLA/RTI platform.
2024-04-09 11:58:53.871 [Thread-1] INFO  skf.core.SEEHLAModule - The Object 'model.Habitation@27e32fe4' has been updated on the HLA/RTI platform.
2024-04-09 11:58:54.868 [Thread-1] INFO  skf.core.SEEHLAModule - The Object 'model.Habitation@27e32fe4' has been updated on the HLA/RTI platform.
2024-04-09 11:58:55.878 [Thread-1] INFO  skf.core.SEEHLAModule - The Object 'model.Habitation@27e32fe4' has been updated on the HLA/RTI platform.
2024-04-09 11:58:56.873 [Thread-1] INFO  skf.core.SEEHLAModule - The Object 'model.Habitation@27e32fe4' has been updated on the HLA/RTI platform.
2024-04-09 11:58:57.872 [Thread-1] INFO  skf.core.SEEHLAModule - The Object 'model.Habitation@27e32fe4' has been updated on the HLA/RTI platform.
2024-04-09 11:58:58.869 [Thread-1] INFO  skf.core.SEEHLAModule - The Object 'model.Habitation@27e32fe4' has been updated on the HLA/RTI platform.
2024-04-09 11:58:59.869 [Thread-1] INFO  skf.core.SEEHLAModule - The Object 'model.Habitation@27e32fe4' has been updated on the HLA/RTI platform.
2024-04-09 11:59:00.864 [Thread-1] INFO  skf.core.SEEHLAModule - The Object 'model.Habitation@27e32fe4' has been updated on the HLA/RTI platform.
2024-04-09 11:59:01.879 [Thread-1] INFO  skf.core.SEEHLAModule - The Object 'model.Habitation@27e32fe4' has been updated on the HLA/RTI platform.
2024-04-09 11:59:02.874 [Thread-1] INFO  skf.core.SEEHLAModule - The Object 'model.Habitation@27e32fe4' has been updated on the HLA/RTI platform.
2024-04-09 11:59:03.869 [Thread-1] INFO  skf.core.SEEHLAModule - The Object 'model.Habitation@27e32fe4' has been updated on the HLA/RTI platform.
2024-04-09 11:59:04.878 [Thread-1] INFO  skf.core.SEEHLAModule - The Object 'model.Habitation@27e32fe4' has been updated on the HLA/RTI platform.
2024-04-09 11:59:05.873 [Thread-1] INFO  skf.core.SEEHLAModule - The Object 'model.Habitation@27e32fe4' has been updated on the HLA/RTI platform.
2024-04-09 11:59:06.876 [Thread-1] INFO  skf.core.SEEHLAModule - The Object 'model.Habitation@27e32fe4' has been updated on the HLA/RTI platform.
2024-04-09 11:59:07.869 [Thread-1] INFO  skf.core.SEEHLAModule - The Object 'model.Habitation@27e32fe4' has been updated on the HLA/RTI platform.
2024-04-09 11:59:08.868 [Thread-1] INFO  skf.core.SEEHLAModule - The Object 'model.Habitation@27e32fe4' has been updated on the HLA/RTI platform.
2024-04-09 11:59:09.878 [Thread-1] INFO  skf.core.SEEHLAModule - The Object 'model.Habitation@27e32fe4' has been updated on the HLA/RTI platform.
2024-04-09 11:59:10.875 [Thread-1] INFO  skf.core.SEEHLAModule - The Object 'model.Habitation@27e32fe4' has been updated on the HLA/RTI platform.
2024-04-09 11:59:11.871 [Thread-1] INFO  skf.core.SEEHLAModule - The Object 'model.Habitation@27e32fe4' has been updated on the HLA/RTI platform.
2024-04-09 11:59:12.871 [Thread-1] INFO  skf.core.SEEHLAModule - The Object 'model.Habitation@27e32fe4' has been updated on the HLA/RTI platform.
2024-04-09 11:59:13.871 [Thread-1] INFO  skf.core.SEEHLAModule - The Object 'model.Habitation@27e32fe4' has been updated on the HLA/RTI platform.
2024-04-09 11:59:14.866 [Thread-1] INFO  skf.core.SEEHLAModule - The Object 'model.Habitation@27e32fe4' has been updated on the HLA/RTI platform.
2024-04-09 11:59:15.871 [Thread-1] INFO  skf.core.SEEHLAModule - The Object 'model.Habitation@27e32fe4' has been updated on the HLA/RTI platform.
2024-04-09 11:59:16.864 [Thread-1] INFO  skf.core.SEEHLAModule - The Object 'model.Habitation@27e32fe4' has been updated on the HLA/RTI platform.
2024-04-09 11:59:17.875 [Thread-1] INFO  skf.core.SEEHLAModule - The Object 'model.Habitation@27e32fe4' has been updated on the HLA/RTI platform.
2024-04-09 11:59:18.871 [Thread-1] INFO  skf.core.SEEHLAModule - The Object 'model.Habitation@27e32fe4' has been updated on the HLA/RTI platform.
2024-04-09 11:59:19.878 [Thread-1] INFO  skf.core.SEEHLAModule - The Object 'model.Habitation@27e32fe4' has been updated on the HLA/RTI platform.
2024-04-09 11:59:20.873 [Thread-1] INFO  skf.core.SEEHLAModule - The Object 'model.Habitation@27e32fe4' has been updated on the HLA/RTI platform.
2024-04-09 11:59:21.865 [Thread-1] INFO  skf.core.SEEHLAModule - The Object 'model.Habitation@27e32fe4' has been updated on the HLA/RTI platform.
2024-04-09 11:59:22.878 [Thread-1] INFO  skf.core.SEEHLAModule - The Object 'model.Habitation@27e32fe4' has been updated on the HLA/RTI platform.
2024-04-09 11:59:23.873 [Thread-1] INFO  skf.core.SEEHLAModule - The Object 'model.Habitation@27e32fe4' has been updated on the HLA/RTI platform.
2024-04-09 11:59:24.868 [Thread-1] INFO  skf.core.SEEHLAModule - The Object 'model.Habitation@27e32fe4' has been updated on the HLA/RTI platform.
2024-04-09 11:59:25.879 [Thread-1] INFO  skf.core.SEEHLAModule - The Object 'model.Habitation@27e32fe4' has been updated on the HLA/RTI platform.
2024-04-09 11:59:26.872 [Thread-1] INFO  skf.core.SEEHLAModule - The Object 'model.Habitation@27e32fe4' has been updated on the HLA/RTI platform.
2024-04-09 11:59:27.869 [Thread-1] INFO  skf.core.SEEHLAModule - The Object 'model.Habitation@27e32fe4' has been updated on the HLA/RTI platform.
2024-04-09 11:59:28.864 [Thread-1] INFO  skf.core.SEEHLAModule - The Object 'model.Habitation@27e32fe4' has been updated on the HLA/RTI platform.
2024-04-09 11:59:29.874 [Thread-1] INFO  skf.core.SEEHLAModule - The Object 'model.Habitation@27e32fe4' has been updated on the HLA/RTI platform.
2024-04-09 11:59:30.867 [Thread-1] INFO  skf.core.SEEHLAModule - The Object 'model.Habitation@27e32fe4' has been updated on the HLA/RTI platform.
2024-04-09 11:59:31.876 [Thread-1] INFO  skf.core.SEEHLAModule - The Object 'model.Habitation@27e32fe4' has been updated on the HLA/RTI platform.
2024-04-09 11:59:32.868 [Thread-1] INFO  skf.core.SEEHLAModule - The Object 'model.Habitation@27e32fe4' has been updated on the HLA/RTI platform.
2024-04-09 11:59:33.865 [Thread-1] INFO  skf.core.SEEHLAModule - The Object 'model.Habitation@27e32fe4' has been updated on the HLA/RTI platform.
2024-04-09 11:59:34.872 [Thread-1] INFO  skf.core.SEEHLAModule - The Object 'model.Habitation@27e32fe4' has been updated on the HLA/RTI platform.
2024-04-09 11:59:35.865 [Thread-1] INFO  skf.core.SEEHLAModule - The Object 'model.Habitation@27e32fe4' has been updated on the HLA/RTI platform.
2024-04-09 11:59:36.869 [Thread-1] INFO  skf.core.SEEHLAModule - The Object 'model.Habitation@27e32fe4' has been updated on the HLA/RTI platform.
2024-04-09 11:59:37.868 [Thread-1] INFO  skf.core.SEEHLAModule - The Object 'model.Habitation@27e32fe4' has been updated on the HLA/RTI platform.
2024-04-09 11:59:38.876 [Thread-1] INFO  skf.core.SEEHLAModule - The Object 'model.Habitation@27e32fe4' has been updated on the HLA/RTI platform.
2024-04-09 11:59:39.867 [Thread-1] INFO  skf.core.SEEHLAModule - The Object 'model.Habitation@27e32fe4' has been updated on the HLA/RTI platform.
2024-04-09 11:59:40.879 [Thread-1] INFO  skf.core.SEEHLAModule - The Object 'model.Habitation@27e32fe4' has been updated on the HLA/RTI platform.
2024-04-09 11:59:41.879 [Thread-1] INFO  skf.core.SEEHLAModule - The Object 'model.Habitation@27e32fe4' has been updated on the HLA/RTI platform.
2024-04-09 11:59:42.872 [Thread-1] INFO  skf.core.SEEHLAModule - The Object 'model.Habitation@27e32fe4' has been updated on the HLA/RTI platform.
2024-04-09 11:59:43.867 [Thread-1] INFO  skf.core.SEEHLAModule - The Object 'model.Habitation@27e32fe4' has been updated on the HLA/RTI platform.
2024-04-09 11:59:44.876 [Thread-1] INFO  skf.core.SEEHLAModule - The Object 'model.Habitation@27e32fe4' has been updated on the HLA/RTI platform.
2024-04-09 11:59:45.874 [Thread-1] INFO  skf.core.SEEHLAModule - The Object 'model.Habitation@27e32fe4' has been updated on the HLA/RTI platform.
2024-04-09 11:59:46.866 [Thread-1] INFO  skf.core.SEEHLAModule - The Object 'model.Habitation@27e32fe4' has been updated on the HLA/RTI platform.
2024-04-09 11:59:47.877 [Thread-1] INFO  skf.core.SEEHLAModule - The Object 'model.Habitation@27e32fe4' has been updated on the HLA/RTI platform.
2024-04-09 11:59:48.877 [Thread-1] INFO  skf.core.SEEHLAModule - The Object 'model.Habitation@27e32fe4' has been updated on the HLA/RTI platform.
2024-04-09 11:59:49.874 [Thread-1] INFO  skf.core.SEEHLAModule - The Object 'model.Habitation@27e32fe4' has been updated on the HLA/RTI platform.
2024-04-09 11:59:50.869 [Thread-1] INFO  skf.core.SEEHLAModule - The Object 'model.Habitation@27e32fe4' has been updated on the HLA/RTI platform.
2024-04-09 11:59:51.868 [Thread-1] INFO  skf.core.SEEHLAModule - The Object 'model.Habitation@27e32fe4' has been updated on the HLA/RTI platform.
2024-04-09 11:59:52.876 [Thread-1] INFO  skf.core.SEEHLAModule - The Object 'model.Habitation@27e32fe4' has been updated on the HLA/RTI platform.
2024-04-09 11:59:53.872 [Thread-1] INFO  skf.core.SEEHLAModule - The Object 'model.Habitation@27e32fe4' has been updated on the HLA/RTI platform.
2024-04-09 11:59:54.873 [Thread-1] INFO  skf.core.SEEHLAModule - The Object 'model.Habitation@27e32fe4' has been updated on the HLA/RTI platform.
2024-04-09 11:59:55.864 [Thread-1] INFO  skf.core.SEEHLAModule - The Object 'model.Habitation@27e32fe4' has been updated on the HLA/RTI platform.
2024-04-09 11:59:56.877 [Thread-1] INFO  skf.core.SEEHLAModule - The Object 'model.Habitation@27e32fe4' has been updated on the HLA/RTI platform.
2024-04-09 11:59:57.877 [Thread-1] INFO  skf.core.SEEHLAModule - The Object 'model.Habitation@27e32fe4' has been updated on the HLA/RTI platform.
2024-04-09 11:59:58.870 [Thread-1] INFO  skf.core.SEEHLAModule - The Object 'model.Habitation@27e32fe4' has been updated on the HLA/RTI platform.
2024-04-09 11:59:59.864 [Thread-1] INFO  skf.core.SEEHLAModule - The Object 'model.Habitation@27e32fe4' has been updated on the HLA/RTI platform.
2024-04-09 12:00:00.873 [Thread-1] INFO  skf.core.SEEHLAModule - The Object 'model.Habitation@27e32fe4' has been updated on the HLA/RTI platform.
2024-04-09 12:00:01.868 [Thread-1] INFO  skf.core.SEEHLAModule - The Object 'model.Habitation@27e32fe4' has been updated on the HLA/RTI platform.
2024-04-09 12:00:02.874 [Thread-1] INFO  skf.core.SEEHLAModule - The Object 'model.Habitation@27e32fe4' has been updated on the HLA/RTI platform.
2024-04-09 12:00:03.871 [Thread-1] INFO  skf.core.SEEHLAModule - The Object 'model.Habitation@27e32fe4' has been updated on the HLA/RTI platform.
2024-04-09 12:00:04.879 [Thread-1] INFO  skf.core.SEEHLAModule - The Object 'model.Habitation@27e32fe4' has been updated on the HLA/RTI platform.
2024-04-09 12:00:05.868 [Thread-1] INFO  skf.core.SEEHLAModule - The Object 'model.Habitation@27e32fe4' has been updated on the HLA/RTI platform.
2024-04-09 12:00:06.878 [Thread-1] INFO  skf.core.SEEHLAModule - The Object 'model.Habitation@27e32fe4' has been updated on the HLA/RTI platform.
2024-04-09 12:00:07.874 [Thread-1] INFO  skf.core.SEEHLAModule - The Object 'model.Habitation@27e32fe4' has been updated on the HLA/RTI platform.
2024-04-09 12:00:08.871 [Thread-1] INFO  skf.core.SEEHLAModule - The Object 'model.Habitation@27e32fe4' has been updated on the HLA/RTI platform.
2024-04-09 12:00:09.868 [Thread-1] INFO  skf.core.SEEHLAModule - The Object 'model.Habitation@27e32fe4' has been updated on the HLA/RTI platform.
2024-04-09 12:00:10.877 [Thread-1] INFO  skf.core.SEEHLAModule - The Object 'model.Habitation@27e32fe4' has been updated on the HLA/RTI platform.
2024-04-09 12:00:11.873 [Thread-1] INFO  skf.core.SEEHLAModule - The Object 'model.Habitation@27e32fe4' has been updated on the HLA/RTI platform.
2024-04-09 12:00:12.872 [Thread-1] INFO  skf.core.SEEHLAModule - The Object 'model.Habitation@27e32fe4' has been updated on the HLA/RTI platform.
2024-04-09 12:00:13.868 [Thread-1] INFO  skf.core.SEEHLAModule - The Object 'model.Habitation@27e32fe4' has been updated on the HLA/RTI platform.
2024-04-09 12:00:14.878 [Thread-1] INFO  skf.core.SEEHLAModule - The Object 'model.Habitation@27e32fe4' has been updated on the HLA/RTI platform.
2024-04-09 12:00:15.879 [Thread-1] INFO  skf.core.SEEHLAModule - The Object 'model.Habitation@27e32fe4' has been updated on the HLA/RTI platform.
2024-04-09 12:00:16.871 [Thread-1] INFO  skf.core.SEEHLAModule - The Object 'model.Habitation@27e32fe4' has been updated on the HLA/RTI platform.
2024-04-09 12:00:17.868 [Thread-1] INFO  skf.core.SEEHLAModule - The Object 'model.Habitation@27e32fe4' has been updated on the HLA/RTI platform.
2024-04-09 12:00:18.874 [Thread-1] INFO  skf.core.SEEHLAModule - The Object 'model.Habitation@27e32fe4' has been updated on the HLA/RTI platform.
2024-04-09 12:00:19.873 [Thread-1] INFO  skf.core.SEEHLAModule - The Object 'model.Habitation@27e32fe4' has been updated on the HLA/RTI platform.
2024-04-09 12:00:20.871 [Thread-1] INFO  skf.core.SEEHLAModule - The Object 'model.Habitation@27e32fe4' has been updated on the HLA/RTI platform.
2024-04-09 12:00:21.879 [Thread-1] INFO  skf.core.SEEHLAModule - The Object 'model.Habitation@27e32fe4' has been updated on the HLA/RTI platform.
2024-04-09 12:00:22.878 [Thread-1] INFO  skf.core.SEEHLAModule - The Object 'model.Habitation@27e32fe4' has been updated on the HLA/RTI platform.
2024-04-09 12:00:23.881 [Thread-1] INFO  skf.core.SEEHLAModule - The Object 'model.Habitation@27e32fe4' has been updated on the HLA/RTI platform.
2024-04-09 12:00:24.878 [Thread-1] INFO  skf.core.SEEHLAModule - The Object 'model.Habitation@27e32fe4' has been updated on the HLA/RTI platform.
2024-04-09 12:00:25.878 [Thread-1] INFO  skf.core.SEEHLAModule - The Object 'model.Habitation@27e32fe4' has been updated on the HLA/RTI platform.
2024-04-09 12:00:26.874 [Thread-1] INFO  skf.core.SEEHLAModule - The Object 'model.Habitation@27e32fe4' has been updated on the HLA/RTI platform.
2024-04-09 12:00:27.871 [Thread-1] INFO  skf.core.SEEHLAModule - The Object 'model.Habitation@27e32fe4' has been updated on the HLA/RTI platform.
2024-04-09 12:00:28.879 [Thread-1] INFO  skf.core.SEEHLAModule - The Object 'model.Habitation@27e32fe4' has been updated on the HLA/RTI platform.
2024-04-09 12:00:29.876 [Thread-1] INFO  skf.core.SEEHLAModule - The Object 'model.Habitation@27e32fe4' has been updated on the HLA/RTI platform.
2024-04-09 12:00:30.869 [Thread-1] INFO  skf.core.SEEHLAModule - The Object 'model.Habitation@27e32fe4' has been updated on the HLA/RTI platform.
2024-04-09 12:00:31.864 [Thread-1] INFO  skf.core.SEEHLAModule - The Object 'model.Habitation@27e32fe4' has been updated on the HLA/RTI platform.
2024-04-09 12:00:32.873 [Thread-1] INFO  skf.core.SEEHLAModule - The Object 'model.Habitation@27e32fe4' has been updated on the HLA/RTI platform.
2024-04-09 12:00:33.872 [Thread-1] INFO  skf.core.SEEHLAModule - The Object 'model.Habitation@27e32fe4' has been updated on the HLA/RTI platform.
2024-04-09 12:00:34.867 [Thread-1] INFO  skf.core.SEEHLAModule - The Object 'model.Habitation@27e32fe4' has been updated on the HLA/RTI platform.
2024-04-09 12:00:35.877 [Thread-1] INFO  skf.core.SEEHLAModule - The Object 'model.Habitation@27e32fe4' has been updated on the HLA/RTI platform.
2024-04-09 12:00:36.875 [Thread-1] INFO  skf.core.SEEHLAModule - The Object 'model.Habitation@27e32fe4' has been updated on the HLA/RTI platform.
2024-04-09 12:00:37.871 [Thread-1] INFO  skf.core.SEEHLAModule - The Object 'model.Habitation@27e32fe4' has been updated on the HLA/RTI platform.
2024-04-09 12:00:38.863 [Thread-1] INFO  skf.core.SEEHLAModule - The Object 'model.Habitation@27e32fe4' has been updated on the HLA/RTI platform.
2024-04-09 12:00:39.874 [Thread-1] INFO  skf.core.SEEHLAModule - The Object 'model.Habitation@27e32fe4' has been updated on the HLA/RTI platform.
2024-04-09 12:00:40.873 [Thread-1] INFO  skf.core.SEEHLAModule - The Object 'model.Habitation@27e32fe4' has been updated on the HLA/RTI platform.
2024-04-09 12:00:41.878 [Thread-1] INFO  skf.core.SEEHLAModule - The Object 'model.Habitation@27e32fe4' has been updated on the HLA/RTI platform.
2024-04-09 12:00:42.879 [Thread-1] INFO  skf.core.SEEHLAModule - The Object 'model.Habitation@27e32fe4' has been updated on the HLA/RTI platform.
2024-04-09 12:00:43.869 [Thread-1] INFO  skf.core.SEEHLAModule - The Object 'model.Habitation@27e32fe4' has been updated on the HLA/RTI platform.
2024-04-09 12:00:44.864 [Thread-1] INFO  skf.core.SEEHLAModule - The Object 'model.Habitation@27e32fe4' has been updated on the HLA/RTI platform.
2024-04-09 12:00:45.864 [Thread-1] INFO  skf.core.SEEHLAModule - The Object 'model.Habitation@27e32fe4' has been updated on the HLA/RTI platform.
2024-04-09 12:00:46.875 [Thread-1] INFO  skf.core.SEEHLAModule - The Object 'model.Habitation@27e32fe4' has been updated on the HLA/RTI platform.
2024-04-09 12:00:47.864 [Thread-1] INFO  skf.core.SEEHLAModule - The Object 'model.Habitation@27e32fe4' has been updated on the HLA/RTI platform.
2024-04-09 12:00:48.871 [Thread-1] INFO  skf.core.SEEHLAModule - The Object 'model.Habitation@27e32fe4' has been updated on the HLA/RTI platform.
2024-04-09 12:00:49.868 [Thread-1] INFO  skf.core.SEEHLAModule - The Object 'model.Habitation@27e32fe4' has been updated on the HLA/RTI platform.
2024-04-09 12:00:50.867 [Thread-1] INFO  skf.core.SEEHLAModule - The Object 'model.Habitation@27e32fe4' has been updated on the HLA/RTI platform.
2024-04-09 12:00:51.869 [Thread-1] INFO  skf.core.SEEHLAModule - The Object 'model.Habitation@27e32fe4' has been updated on the HLA/RTI platform.
2024-04-09 12:00:52.864 [Thread-1] INFO  skf.core.SEEHLAModule - The Object 'model.Habitation@27e32fe4' has been updated on the HLA/RTI platform.
2024-04-09 12:00:53.876 [Thread-1] INFO  skf.core.SEEHLAModule - The Object 'model.Habitation@27e32fe4' has been updated on the HLA/RTI platform.
2024-04-09 12:00:54.871 [Thread-1] INFO  skf.core.SEEHLAModule - The Object 'model.Habitation@27e32fe4' has been updated on the HLA/RTI platform.
2024-04-09 12:00:55.878 [Thread-1] INFO  skf.core.SEEHLAModule - The Object 'model.Habitation@27e32fe4' has been updated on the HLA/RTI platform.
2024-04-09 12:00:56.873 [Thread-1] INFO  skf.core.SEEHLAModule - The Object 'model.Habitation@27e32fe4' has been updated on the HLA/RTI platform.
2024-04-09 12:00:57.867 [Thread-1] INFO  skf.core.SEEHLAModule - The Object 'model.Habitation@27e32fe4' has been updated on the HLA/RTI platform.
2024-04-09 12:00:58.865 [Thread-1] INFO  skf.core.SEEHLAModule - The Object 'model.Habitation@27e32fe4' has been updated on the HLA/RTI platform.
2024-04-09 12:00:59.878 [Thread-1] INFO  skf.core.SEEHLAModule - The Object 'model.Habitation@27e32fe4' has been updated on the HLA/RTI platform.
